


ARM Macro Assembler    Page 1 


    1 00000000         ;/******************************************************
                       ********************//**
    2 00000000         ; * @file     startup_CMSDK_CM7.s
    3 00000000         ; * @brief    CMSIS Core Device Startup File for
    4 00000000         ; *           CMSDK_CM7 Device
    5 00000000         ; * @version  V3.05
    6 00000000         ; * @date     09. November 2016
    7 00000000         ; ******************************************************
                       ************************/
    8 00000000         ;/* Copyright (c) 2011 - 2016 ARM LIMITED
    9 00000000         ;
   10 00000000         ;   All rights reserved.
   11 00000000         ;   Redistribution and use in source and binary forms, w
                       ith or without
   12 00000000         ;   modification, are permitted provided that the follow
                       ing conditions are met:
   13 00000000         ;   - Redistributions of source code must retain the abo
                       ve copyright
   14 00000000         ;     notice, this list of conditions and the following 
                       disclaimer.
   15 00000000         ;   - Redistributions in binary form must reproduce the 
                       above copyright
   16 00000000         ;     notice, this list of conditions and the following 
                       disclaimer in the
   17 00000000         ;     documentation and/or other materials provided with
                        the distribution.
   18 00000000         ;   - Neither the name of ARM nor the names of its contr
                       ibutors may be used
   19 00000000         ;     to endorse or promote products derived from this s
                       oftware without
   20 00000000         ;     specific prior written permission.
   21 00000000         ;   *
   22 00000000         ;   THIS SOFTWARE IS PROVIDED BY THE COPYRIGHT HOLDERS A
                       ND CONTRIBUTORS "AS IS"
   23 00000000         ;   AND ANY EXPRESS OR IMPLIED WARRANTIES, INCLUDING, BU
                       T NOT LIMITED TO, THE
   24 00000000         ;   IMPLIED WARRANTIES OF MERCHANTABILITY AND FITNESS FO
                       R A PARTICULAR PURPOSE
   25 00000000         ;   ARE DISCLAIMED. IN NO EVENT SHALL COPYRIGHT HOLDERS 
                       AND CONTRIBUTORS BE
   26 00000000         ;   LIABLE FOR ANY DIRECT, INDIRECT, INCIDENTAL, SPECIAL
                       , EXEMPLARY, OR
   27 00000000         ;   CONSEQUENTIAL DAMAGES (INCLUDING, BUT NOT LIMITED TO
                       , PROCUREMENT OF
   28 00000000         ;   SUBSTITUTE GOODS OR SERVICES; LOSS OF USE, DATA, OR 
                       PROFITS; OR BUSINESS
   29 00000000         ;   INTERRUPTION) HOWEVER CAUSED AND ON ANY THEORY OF LI
                       ABILITY, WHETHER IN
   30 00000000         ;   CONTRACT, STRICT LIABILITY, OR TORT (INCLUDING NEGLI
                       GENCE OR OTHERWISE)
   31 00000000         ;   ARISING IN ANY WAY OUT OF THE USE OF THIS SOFTWARE, 
                       EVEN IF ADVISED OF THE
   32 00000000         ;   POSSIBILITY OF SUCH DAMAGE.
   33 00000000         ;   ----------------------------------------------------
                       -----------------------*/
   34 00000000         ;/*
   35 00000000         ;//-------- <<< Use Configuration Wizard in Context Menu
                        >>> ------------------
   36 00000000         ;*/



ARM Macro Assembler    Page 2 


   37 00000000         
   38 00000000         
   39 00000000         ; <h> Stack Configuration
   40 00000000         ;   <o> Stack Size (in Bytes) <0x0-0xFFFFFFFF:8>
   41 00000000         ; </h>
   42 00000000         
   43 00000000 00000400 
                       Stack_Size
                               EQU              0x00000400
   44 00000000         
   45 00000000                 AREA             STACK, NOINIT, READWRITE, ALIGN
=3
   46 00000000         Stack_Mem
                               SPACE            Stack_Size
   47 00000400         __initial_sp
   48 00000400         
   49 00000400         
   50 00000400         ; <h> Heap Configuration
   51 00000400         ;   <o>  Heap Size (in Bytes) <0x0-0xFFFFFFFF:8>
   52 00000400         ; </h>
   53 00000400         
   54 00000400 00000C00 
                       Heap_Size
                               EQU              0x00000C00
   55 00000400         
   56 00000400                 AREA             HEAP, NOINIT, READWRITE, ALIGN=
3
   57 00000000         __heap_base
   58 00000000         Heap_Mem
                               SPACE            Heap_Size
   59 00000C00         __heap_limit
   60 00000C00         
   61 00000C00         
   62 00000C00                 PRESERVE8
   63 00000C00                 THUMB
   64 00000C00         
   65 00000C00         
   66 00000C00         ; Vector Table Mapped to Address 0 at Reset
   67 00000C00         
   68 00000C00                 AREA             RESET, DATA, READONLY
   69 00000000                 EXPORT           __Vectors
   70 00000000                 EXPORT           __Vectors_End
   71 00000000                 EXPORT           __Vectors_Size
   72 00000000         
   73 00000000 00000000 
                       __Vectors
                               DCD              __initial_sp ;     Top of Stack
                                                            
   74 00000004 00000000        DCD              Reset_Handler 
                                                            ;     Reset Handler
                                                            
   75 00000008 00000000        DCD              NMI_Handler ;     NMI Handler
   76 0000000C 00000000        DCD              HardFault_Handler ;     Hard Fa
                                                            ult Handler
   77 00000010 00000000        DCD              MemManage_Handler ;     MPU Fau
                                                            lt Handler
   78 00000014 00000000        DCD              BusFault_Handler ;     Bus Faul
                                                            t Handler
   79 00000018 00000000        DCD              UsageFault_Handler ;     Usage 



ARM Macro Assembler    Page 3 


                                                            Fault Handler
   80 0000001C 00000000        DCD              0           ;     Reserved
   81 00000020 00000000        DCD              0           ;     Reserved
   82 00000024 00000000        DCD              0           ;     Reserved
   83 00000028 00000000        DCD              0           ;     Reserved
   84 0000002C 00000000        DCD              SVC_Handler ;     SVCall Handle
                                                            r
   85 00000030 00000000        DCD              DebugMon_Handler ;     Debug Mo
                                                            nitor Handler
   86 00000034 00000000        DCD              0           ;     Reserved
   87 00000038 00000000        DCD              PendSV_Handler ;     PendSV Han
                                                            dler
   88 0000003C 00000000        DCD              SysTick_Handler ;     SysTick H
                                                            andler
   89 00000040         
   90 00000040         ; External Interrupts
   91 00000040 00000000        DCD              UART0RX_Handler ;   0 UART 0 re
                                                            ceive interrupt
   92 00000044 00000000        DCD              UART0TX_Handler ;   1 UART 0 tr
                                                            ansmit interrupt
   93 00000048 00000000        DCD              UART1RX_Handler ;   2 UART 1 re
                                                            ceive interrupt
   94 0000004C 00000000        DCD              UART1TX_Handler ;   3 UART 1 tr
                                                            ansmit interrupt
   95 00000050 00000000        DCD              UART2RX_Handler ;   4 UART 2 re
                                                            ceive interrupt
   96 00000054 00000000        DCD              UART2TX_Handler ;   5 UART 2 tr
                                                            ansmit interrupt
   97 00000058 00000000        DCD              GPIO0ALL_Handler ;   6 GPIO 0 c
                                                            ombined interrupt
   98 0000005C 00000000        DCD              GPIO1ALL_Handler ;   7 GPIO 1 c
                                                            ombined interrupt
   99 00000060 00000000        DCD              TIMER0_Handler ;   8 Timer 0 in
                                                            terrupt
  100 00000064 00000000        DCD              TIMER1_Handler ;   9 Timer 1 in
                                                            terrupt
  101 00000068 00000000        DCD              DUALTIMER_Handler ;  10 Dual Ti
                                                            mer interrupt
  102 0000006C 00000000        DCD              SPI_0_1_Handler ;  11 SPI #0, #
                                                            1 interrupt
  103 00000070 00000000        DCD              UART_0_1_2_OVF_Handler ;  12 UA
                                                            RT overflow (0, 1 &
                                                             2) interrupt
  104 00000074 00000000        DCD              ETHERNET_Handler ;  13 Ethernet
                                                             interrupt
  105 00000078 00000000        DCD              I2S_Handler ;  14 Audio I2S int
                                                            errupt
  106 0000007C 00000000        DCD              TOUCHSCREEN_Handler ;  15 Touch
                                                             Screen interrupt
  107 00000080 00000000        DCD              GPIO2_Handler ;  16 GPIO 2 comb
                                                            ined interrupt
  108 00000084 00000000        DCD              GPIO3_Handler ;  17 GPIO 3 comb
                                                            ined interrupt
  109 00000088 00000000        DCD              UART3RX_Handler ;  18 UART 3 re
                                                            ceive interrupt
  110 0000008C 00000000        DCD              UART3TX_Handler ;  19 UART 3 tr
                                                            ansmit interrupt
  111 00000090 00000000        DCD              UART4RX_Handler ;  20 UART 4 re
                                                            ceive interrupt



ARM Macro Assembler    Page 4 


  112 00000094 00000000        DCD              UART4TX_Handler ;  21 UART 4 tr
                                                            ansmit interrupt
  113 00000098 00000000        DCD              SPI_2_Handler ;  22 SPI #2 inte
                                                            rrupt
  114 0000009C 00000000        DCD              SPI_3_4_Handler ;  23 SPI #3, S
                                                            PI #4 interrupt
  115 000000A0 00000000        DCD              GPIO0_0_Handler ;  24 GPIO 0 in
                                                            dividual interrupt 
                                                            ( 0)
  116 000000A4 00000000        DCD              GPIO0_1_Handler ;  25 GPIO 0 in
                                                            dividual interrupt 
                                                            ( 1)
  117 000000A8 00000000        DCD              GPIO0_2_Handler ;  26 GPIO 0 in
                                                            dividual interrupt 
                                                            ( 2)
  118 000000AC 00000000        DCD              GPIO0_3_Handler ;  27 GPIO 0 in
                                                            dividual interrupt 
                                                            ( 3)
  119 000000B0 00000000        DCD              GPIO0_4_Handler ;  28 GPIO 0 in
                                                            dividual interrupt 
                                                            ( 4)
  120 000000B4 00000000        DCD              GPIO0_5_Handler ;  29 GPIO 0 in
                                                            dividual interrupt 
                                                            ( 5)
  121 000000B8 00000000        DCD              GPIO0_6_Handler ;  30 GPIO 0 in
                                                            dividual interrupt 
                                                            ( 6)
  122 000000BC 00000000        DCD              GPIO0_7_Handler ;  31 GPIO 0 in
                                                            dividual interrupt 
                                                            ( 7)
  123 000000C0         __Vectors_End
  124 000000C0         
  125 000000C0 000000C0 
                       __Vectors_Size
                               EQU              __Vectors_End - __Vectors
  126 000000C0         
  127 000000C0                 AREA             |.text|, CODE, READONLY
  128 00000000         
  129 00000000         
  130 00000000         ; Reset Handler
  131 00000000         
  132 00000000         Reset_Handler
                               PROC
  133 00000000                 EXPORT           Reset_Handler             [WEAK
]
  134 00000000                 IMPORT           SystemInit
  135 00000000                 IMPORT           __main
  136 00000000 4806            LDR              R0, =SystemInit
  137 00000002 4780            BLX              R0
  138 00000004 4806            LDR              R0, =__main
  139 00000006 4700            BX               R0
  140 00000008                 ENDP
  141 00000008         
  142 00000008         
  143 00000008         ; Dummy Exception Handlers (infinite loops which can be 
                       modified)
  144 00000008         
  145 00000008         NMI_Handler
                               PROC



ARM Macro Assembler    Page 5 


  146 00000008                 EXPORT           NMI_Handler               [WEAK
]
  147 00000008 E7FE            B                .
  148 0000000A                 ENDP
  150 0000000A         HardFault_Handler
                               PROC
  151 0000000A                 EXPORT           HardFault_Handler         [WEAK
]
  152 0000000A E7FE            B                .
  153 0000000C                 ENDP
  155 0000000C         MemManage_Handler
                               PROC
  156 0000000C                 EXPORT           MemManage_Handler         [WEAK
]
  157 0000000C E7FE            B                .
  158 0000000E                 ENDP
  160 0000000E         BusFault_Handler
                               PROC
  161 0000000E                 EXPORT           BusFault_Handler          [WEAK
]
  162 0000000E E7FE            B                .
  163 00000010                 ENDP
  165 00000010         UsageFault_Handler
                               PROC
  166 00000010                 EXPORT           UsageFault_Handler        [WEAK
]
  167 00000010 E7FE            B                .
  168 00000012                 ENDP
  169 00000012         SVC_Handler
                               PROC
  170 00000012                 EXPORT           SVC_Handler               [WEAK
]
  171 00000012 E7FE            B                .
  172 00000014                 ENDP
  174 00000014         DebugMon_Handler
                               PROC
  175 00000014                 EXPORT           DebugMon_Handler          [WEAK
]
  176 00000014 E7FE            B                .
  177 00000016                 ENDP
  178 00000016         PendSV_Handler
                               PROC
  179 00000016                 EXPORT           PendSV_Handler            [WEAK
]
  180 00000016 E7FE            B                .
  181 00000018                 ENDP
  182 00000018         SysTick_Handler
                               PROC
  183 00000018                 EXPORT           SysTick_Handler           [WEAK
]
  184 00000018 E7FE            B                .
  185 0000001A                 ENDP
  186 0000001A         
  187 0000001A         Default_Handler
                               PROC
  188 0000001A                 EXPORT           UART0RX_Handler            [WEA
K]
  189 0000001A                 EXPORT           UART0TX_Handler            [WEA
K]



ARM Macro Assembler    Page 6 


  190 0000001A                 EXPORT           UART1RX_Handler            [WEA
K]
  191 0000001A                 EXPORT           UART1TX_Handler            [WEA
K]
  192 0000001A                 EXPORT           UART2RX_Handler            [WEA
K]
  193 0000001A                 EXPORT           UART2TX_Handler            [WEA
K]
  194 0000001A                 EXPORT           GPIO0ALL_Handler           [WEA
K]
  195 0000001A                 EXPORT           GPIO1ALL_Handler           [WEA
K]
  196 0000001A                 EXPORT           TIMER0_Handler             [WEA
K]
  197 0000001A                 EXPORT           TIMER1_Handler             [WEA
K]
  198 0000001A                 EXPORT           DUALTIMER_Handler          [WEA
K]
  199 0000001A                 EXPORT           SPI_0_1_Handler            [WEA
K]
  200 0000001A                 EXPORT           UART_0_1_2_OVF_Handler     [WEA
K]
  201 0000001A                 EXPORT           ETHERNET_Handler           [WEA
K]
  202 0000001A                 EXPORT           I2S_Handler                [WEA
K]
  203 0000001A                 EXPORT           TOUCHSCREEN_Handler        [WEA
K]
  204 0000001A                 EXPORT           GPIO2_Handler              [WEA
K]
  205 0000001A                 EXPORT           GPIO3_Handler              [WEA
K]
  206 0000001A                 EXPORT           UART3RX_Handler            [WEA
K]
  207 0000001A                 EXPORT           UART3TX_Handler            [WEA
K]
  208 0000001A                 EXPORT           UART4RX_Handler            [WEA
K]
  209 0000001A                 EXPORT           UART4TX_Handler            [WEA
K]
  210 0000001A                 EXPORT           SPI_2_Handler              [WEA
K]
  211 0000001A                 EXPORT           SPI_3_4_Handler            [WEA
K]
  212 0000001A                 EXPORT           GPIO0_0_Handler            [WEA
K]
  213 0000001A                 EXPORT           GPIO0_1_Handler            [WEA
K]
  214 0000001A                 EXPORT           GPIO0_2_Handler            [WEA
K]
  215 0000001A                 EXPORT           GPIO0_3_Handler            [WEA
K]
  216 0000001A                 EXPORT           GPIO0_4_Handler            [WEA
K]
  217 0000001A                 EXPORT           GPIO0_5_Handler            [WEA
K]
  218 0000001A                 EXPORT           GPIO0_6_Handler            [WEA
K]
  219 0000001A                 EXPORT           GPIO0_7_Handler            [WEA



ARM Macro Assembler    Page 7 


K]
  220 0000001A         
  221 0000001A         UART0RX_Handler
  222 0000001A         UART0TX_Handler
  223 0000001A         UART1RX_Handler
  224 0000001A         UART1TX_Handler
  225 0000001A         UART2RX_Handler
  226 0000001A         UART2TX_Handler
  227 0000001A         GPIO0ALL_Handler
  228 0000001A         GPIO1ALL_Handler
  229 0000001A         TIMER0_Handler
  230 0000001A         TIMER1_Handler
  231 0000001A         DUALTIMER_Handler
  232 0000001A         SPI_0_1_Handler
  233 0000001A         UART_0_1_2_OVF_Handler
  234 0000001A         ETHERNET_Handler
  235 0000001A         I2S_Handler
  236 0000001A         TOUCHSCREEN_Handler
  237 0000001A         GPIO2_Handler
  238 0000001A         GPIO3_Handler
  239 0000001A         UART3RX_Handler
  240 0000001A         UART3TX_Handler
  241 0000001A         UART4RX_Handler
  242 0000001A         UART4TX_Handler
  243 0000001A         SPI_2_Handler
  244 0000001A         SPI_3_4_Handler
  245 0000001A         GPIO0_0_Handler
  246 0000001A         GPIO0_1_Handler
  247 0000001A         GPIO0_2_Handler
  248 0000001A         GPIO0_3_Handler
  249 0000001A         GPIO0_4_Handler
  250 0000001A         GPIO0_5_Handler
  251 0000001A         GPIO0_6_Handler
  252 0000001A         GPIO0_7_Handler
  253 0000001A E7FE            B                .
  254 0000001C         
  255 0000001C                 ENDP
  256 0000001C         
  257 0000001C         
  258 0000001C                 ALIGN
  259 0000001C         
  260 0000001C         
  261 0000001C         ; User Initial Stack & Heap
  262 0000001C         
  263 0000001C                 IF               :DEF:__MICROLIB
  264 0000001C         
  265 0000001C                 EXPORT           __initial_sp
  266 0000001C                 EXPORT           __heap_base
  267 0000001C                 EXPORT           __heap_limit
  268 0000001C         
  269 0000001C                 ELSE
  284                          ENDIF
  285 0000001C         
  286 0000001C         
  287 0000001C                 END
              00000000 
              00000000 
Command Line: --debug --xref --diag_suppress=9931 --cpu=Cortex-M7.fp.sp --apcs=
interwork --depend=.\out\startup_cmsdk_cm7.d -o.\out\startup_cmsdk_cm7.o -I.\RT



ARM Macro Assembler    Page 8 


E\Device\CMSDK_CM7_SP -I.\RTE\_V2M-MPS2 -IC:\Keil_v5\ARM\PACK\ARM\CMSIS\5.0.1\C
MSIS\Driver\Include -IC:\Keil_v5\ARM\PACK\ARM\CMSIS\5.0.1\CMSIS\Include -IC:\Ke
il_v5\ARM\PACK\Keil\MDK-Middleware\7.4.1\Board -IC:\Keil_v5\ARM\PACK\Keil\V2M-M
PS2_CMx_BSP\1.6.0\Boards\ARM\V2M-MPS2\Common -IC:\Keil_v5\ARM\PACK\Keil\V2M-MPS
2_CMx_BSP\1.6.0\Device\CMSDK_CM7\Include --predefine="__MICROLIB SETA 1" --pred
efine="__UVISION_VERSION SETA 524" --predefine="_RTE_ SETA 1" --predefine="CMSD
K_CM7_SP SETA 1" --list=.\out\startup_cmsdk_cm7.lst RTE\Device\CMSDK_CM7_SP\sta
rtup_CMSDK_CM7.s



ARM Macro Assembler    Page 1 Alphabetic symbol ordering
Relocatable symbols

STACK 00000000

Symbol: STACK
   Definitions
      At line 45 in file RTE\Device\CMSDK_CM7_SP\startup_CMSDK_CM7.s
   Uses
      None
Comment: STACK unused
Stack_Mem 00000000

Symbol: Stack_Mem
   Definitions
      At line 46 in file RTE\Device\CMSDK_CM7_SP\startup_CMSDK_CM7.s
   Uses
      None
Comment: Stack_Mem unused
__initial_sp 00000400

Symbol: __initial_sp
   Definitions
      At line 47 in file RTE\Device\CMSDK_CM7_SP\startup_CMSDK_CM7.s
   Uses
      At line 73 in file RTE\Device\CMSDK_CM7_SP\startup_CMSDK_CM7.s
      At line 265 in file RTE\Device\CMSDK_CM7_SP\startup_CMSDK_CM7.s

3 symbols



ARM Macro Assembler    Page 1 Alphabetic symbol ordering
Relocatable symbols

HEAP 00000000

Symbol: HEAP
   Definitions
      At line 56 in file RTE\Device\CMSDK_CM7_SP\startup_CMSDK_CM7.s
   Uses
      None
Comment: HEAP unused
Heap_Mem 00000000

Symbol: Heap_Mem
   Definitions
      At line 58 in file RTE\Device\CMSDK_CM7_SP\startup_CMSDK_CM7.s
   Uses
      None
Comment: Heap_Mem unused
__heap_base 00000000

Symbol: __heap_base
   Definitions
      At line 57 in file RTE\Device\CMSDK_CM7_SP\startup_CMSDK_CM7.s
   Uses
      At line 266 in file RTE\Device\CMSDK_CM7_SP\startup_CMSDK_CM7.s
Comment: __heap_base used once
__heap_limit 00000C00

Symbol: __heap_limit
   Definitions
      At line 59 in file RTE\Device\CMSDK_CM7_SP\startup_CMSDK_CM7.s
   Uses
      At line 267 in file RTE\Device\CMSDK_CM7_SP\startup_CMSDK_CM7.s
Comment: __heap_limit used once
4 symbols



ARM Macro Assembler    Page 1 Alphabetic symbol ordering
Relocatable symbols

RESET 00000000

Symbol: RESET
   Definitions
      At line 68 in file RTE\Device\CMSDK_CM7_SP\startup_CMSDK_CM7.s
   Uses
      None
Comment: RESET unused
__Vectors 00000000

Symbol: __Vectors
   Definitions
      At line 73 in file RTE\Device\CMSDK_CM7_SP\startup_CMSDK_CM7.s
   Uses
      At line 69 in file RTE\Device\CMSDK_CM7_SP\startup_CMSDK_CM7.s
      At line 125 in file RTE\Device\CMSDK_CM7_SP\startup_CMSDK_CM7.s

__Vectors_End 000000C0

Symbol: __Vectors_End
   Definitions
      At line 123 in file RTE\Device\CMSDK_CM7_SP\startup_CMSDK_CM7.s
   Uses
      At line 70 in file RTE\Device\CMSDK_CM7_SP\startup_CMSDK_CM7.s
      At line 125 in file RTE\Device\CMSDK_CM7_SP\startup_CMSDK_CM7.s

3 symbols



ARM Macro Assembler    Page 1 Alphabetic symbol ordering
Relocatable symbols

.text 00000000

Symbol: .text
   Definitions
      At line 127 in file RTE\Device\CMSDK_CM7_SP\startup_CMSDK_CM7.s
   Uses
      None
Comment: .text unused
BusFault_Handler 0000000E

Symbol: BusFault_Handler
   Definitions
      At line 160 in file RTE\Device\CMSDK_CM7_SP\startup_CMSDK_CM7.s
   Uses
      At line 78 in file RTE\Device\CMSDK_CM7_SP\startup_CMSDK_CM7.s
      At line 161 in file RTE\Device\CMSDK_CM7_SP\startup_CMSDK_CM7.s

DUALTIMER_Handler 0000001A

Symbol: DUALTIMER_Handler
   Definitions
      At line 231 in file RTE\Device\CMSDK_CM7_SP\startup_CMSDK_CM7.s
   Uses
      At line 101 in file RTE\Device\CMSDK_CM7_SP\startup_CMSDK_CM7.s
      At line 198 in file RTE\Device\CMSDK_CM7_SP\startup_CMSDK_CM7.s

DebugMon_Handler 00000014

Symbol: DebugMon_Handler
   Definitions
      At line 174 in file RTE\Device\CMSDK_CM7_SP\startup_CMSDK_CM7.s
   Uses
      At line 85 in file RTE\Device\CMSDK_CM7_SP\startup_CMSDK_CM7.s
      At line 175 in file RTE\Device\CMSDK_CM7_SP\startup_CMSDK_CM7.s

Default_Handler 0000001A

Symbol: Default_Handler
   Definitions
      At line 187 in file RTE\Device\CMSDK_CM7_SP\startup_CMSDK_CM7.s
   Uses
      None
Comment: Default_Handler unused
ETHERNET_Handler 0000001A

Symbol: ETHERNET_Handler
   Definitions
      At line 234 in file RTE\Device\CMSDK_CM7_SP\startup_CMSDK_CM7.s
   Uses
      At line 104 in file RTE\Device\CMSDK_CM7_SP\startup_CMSDK_CM7.s
      At line 201 in file RTE\Device\CMSDK_CM7_SP\startup_CMSDK_CM7.s

GPIO0ALL_Handler 0000001A

Symbol: GPIO0ALL_Handler
   Definitions
      At line 227 in file RTE\Device\CMSDK_CM7_SP\startup_CMSDK_CM7.s
   Uses
      At line 97 in file RTE\Device\CMSDK_CM7_SP\startup_CMSDK_CM7.s



ARM Macro Assembler    Page 2 Alphabetic symbol ordering
Relocatable symbols

      At line 194 in file RTE\Device\CMSDK_CM7_SP\startup_CMSDK_CM7.s

GPIO0_0_Handler 0000001A

Symbol: GPIO0_0_Handler
   Definitions
      At line 245 in file RTE\Device\CMSDK_CM7_SP\startup_CMSDK_CM7.s
   Uses
      At line 115 in file RTE\Device\CMSDK_CM7_SP\startup_CMSDK_CM7.s
      At line 212 in file RTE\Device\CMSDK_CM7_SP\startup_CMSDK_CM7.s

GPIO0_1_Handler 0000001A

Symbol: GPIO0_1_Handler
   Definitions
      At line 246 in file RTE\Device\CMSDK_CM7_SP\startup_CMSDK_CM7.s
   Uses
      At line 116 in file RTE\Device\CMSDK_CM7_SP\startup_CMSDK_CM7.s
      At line 213 in file RTE\Device\CMSDK_CM7_SP\startup_CMSDK_CM7.s

GPIO0_2_Handler 0000001A

Symbol: GPIO0_2_Handler
   Definitions
      At line 247 in file RTE\Device\CMSDK_CM7_SP\startup_CMSDK_CM7.s
   Uses
      At line 117 in file RTE\Device\CMSDK_CM7_SP\startup_CMSDK_CM7.s
      At line 214 in file RTE\Device\CMSDK_CM7_SP\startup_CMSDK_CM7.s

GPIO0_3_Handler 0000001A

Symbol: GPIO0_3_Handler
   Definitions
      At line 248 in file RTE\Device\CMSDK_CM7_SP\startup_CMSDK_CM7.s
   Uses
      At line 118 in file RTE\Device\CMSDK_CM7_SP\startup_CMSDK_CM7.s
      At line 215 in file RTE\Device\CMSDK_CM7_SP\startup_CMSDK_CM7.s

GPIO0_4_Handler 0000001A

Symbol: GPIO0_4_Handler
   Definitions
      At line 249 in file RTE\Device\CMSDK_CM7_SP\startup_CMSDK_CM7.s
   Uses
      At line 119 in file RTE\Device\CMSDK_CM7_SP\startup_CMSDK_CM7.s
      At line 216 in file RTE\Device\CMSDK_CM7_SP\startup_CMSDK_CM7.s

GPIO0_5_Handler 0000001A

Symbol: GPIO0_5_Handler
   Definitions
      At line 250 in file RTE\Device\CMSDK_CM7_SP\startup_CMSDK_CM7.s
   Uses
      At line 120 in file RTE\Device\CMSDK_CM7_SP\startup_CMSDK_CM7.s
      At line 217 in file RTE\Device\CMSDK_CM7_SP\startup_CMSDK_CM7.s

GPIO0_6_Handler 0000001A

Symbol: GPIO0_6_Handler



ARM Macro Assembler    Page 3 Alphabetic symbol ordering
Relocatable symbols

   Definitions
      At line 251 in file RTE\Device\CMSDK_CM7_SP\startup_CMSDK_CM7.s
   Uses
      At line 121 in file RTE\Device\CMSDK_CM7_SP\startup_CMSDK_CM7.s
      At line 218 in file RTE\Device\CMSDK_CM7_SP\startup_CMSDK_CM7.s

GPIO0_7_Handler 0000001A

Symbol: GPIO0_7_Handler
   Definitions
      At line 252 in file RTE\Device\CMSDK_CM7_SP\startup_CMSDK_CM7.s
   Uses
      At line 122 in file RTE\Device\CMSDK_CM7_SP\startup_CMSDK_CM7.s
      At line 219 in file RTE\Device\CMSDK_CM7_SP\startup_CMSDK_CM7.s

GPIO1ALL_Handler 0000001A

Symbol: GPIO1ALL_Handler
   Definitions
      At line 228 in file RTE\Device\CMSDK_CM7_SP\startup_CMSDK_CM7.s
   Uses
      At line 98 in file RTE\Device\CMSDK_CM7_SP\startup_CMSDK_CM7.s
      At line 195 in file RTE\Device\CMSDK_CM7_SP\startup_CMSDK_CM7.s

GPIO2_Handler 0000001A

Symbol: GPIO2_Handler
   Definitions
      At line 237 in file RTE\Device\CMSDK_CM7_SP\startup_CMSDK_CM7.s
   Uses
      At line 107 in file RTE\Device\CMSDK_CM7_SP\startup_CMSDK_CM7.s
      At line 204 in file RTE\Device\CMSDK_CM7_SP\startup_CMSDK_CM7.s

GPIO3_Handler 0000001A

Symbol: GPIO3_Handler
   Definitions
      At line 238 in file RTE\Device\CMSDK_CM7_SP\startup_CMSDK_CM7.s
   Uses
      At line 108 in file RTE\Device\CMSDK_CM7_SP\startup_CMSDK_CM7.s
      At line 205 in file RTE\Device\CMSDK_CM7_SP\startup_CMSDK_CM7.s

HardFault_Handler 0000000A

Symbol: HardFault_Handler
   Definitions
      At line 150 in file RTE\Device\CMSDK_CM7_SP\startup_CMSDK_CM7.s
   Uses
      At line 76 in file RTE\Device\CMSDK_CM7_SP\startup_CMSDK_CM7.s
      At line 151 in file RTE\Device\CMSDK_CM7_SP\startup_CMSDK_CM7.s

I2S_Handler 0000001A

Symbol: I2S_Handler
   Definitions
      At line 235 in file RTE\Device\CMSDK_CM7_SP\startup_CMSDK_CM7.s
   Uses
      At line 105 in file RTE\Device\CMSDK_CM7_SP\startup_CMSDK_CM7.s
      At line 202 in file RTE\Device\CMSDK_CM7_SP\startup_CMSDK_CM7.s



ARM Macro Assembler    Page 4 Alphabetic symbol ordering
Relocatable symbols


MemManage_Handler 0000000C

Symbol: MemManage_Handler
   Definitions
      At line 155 in file RTE\Device\CMSDK_CM7_SP\startup_CMSDK_CM7.s
   Uses
      At line 77 in file RTE\Device\CMSDK_CM7_SP\startup_CMSDK_CM7.s
      At line 156 in file RTE\Device\CMSDK_CM7_SP\startup_CMSDK_CM7.s

NMI_Handler 00000008

Symbol: NMI_Handler
   Definitions
      At line 145 in file RTE\Device\CMSDK_CM7_SP\startup_CMSDK_CM7.s
   Uses
      At line 75 in file RTE\Device\CMSDK_CM7_SP\startup_CMSDK_CM7.s
      At line 146 in file RTE\Device\CMSDK_CM7_SP\startup_CMSDK_CM7.s

PendSV_Handler 00000016

Symbol: PendSV_Handler
   Definitions
      At line 178 in file RTE\Device\CMSDK_CM7_SP\startup_CMSDK_CM7.s
   Uses
      At line 87 in file RTE\Device\CMSDK_CM7_SP\startup_CMSDK_CM7.s
      At line 179 in file RTE\Device\CMSDK_CM7_SP\startup_CMSDK_CM7.s

Reset_Handler 00000000

Symbol: Reset_Handler
   Definitions
      At line 132 in file RTE\Device\CMSDK_CM7_SP\startup_CMSDK_CM7.s
   Uses
      At line 74 in file RTE\Device\CMSDK_CM7_SP\startup_CMSDK_CM7.s
      At line 133 in file RTE\Device\CMSDK_CM7_SP\startup_CMSDK_CM7.s

SPI_0_1_Handler 0000001A

Symbol: SPI_0_1_Handler
   Definitions
      At line 232 in file RTE\Device\CMSDK_CM7_SP\startup_CMSDK_CM7.s
   Uses
      At line 102 in file RTE\Device\CMSDK_CM7_SP\startup_CMSDK_CM7.s
      At line 199 in file RTE\Device\CMSDK_CM7_SP\startup_CMSDK_CM7.s

SPI_2_Handler 0000001A

Symbol: SPI_2_Handler
   Definitions
      At line 243 in file RTE\Device\CMSDK_CM7_SP\startup_CMSDK_CM7.s
   Uses
      At line 113 in file RTE\Device\CMSDK_CM7_SP\startup_CMSDK_CM7.s
      At line 210 in file RTE\Device\CMSDK_CM7_SP\startup_CMSDK_CM7.s

SPI_3_4_Handler 0000001A

Symbol: SPI_3_4_Handler
   Definitions



ARM Macro Assembler    Page 5 Alphabetic symbol ordering
Relocatable symbols

      At line 244 in file RTE\Device\CMSDK_CM7_SP\startup_CMSDK_CM7.s
   Uses
      At line 114 in file RTE\Device\CMSDK_CM7_SP\startup_CMSDK_CM7.s
      At line 211 in file RTE\Device\CMSDK_CM7_SP\startup_CMSDK_CM7.s

SVC_Handler 00000012

Symbol: SVC_Handler
   Definitions
      At line 169 in file RTE\Device\CMSDK_CM7_SP\startup_CMSDK_CM7.s
   Uses
      At line 84 in file RTE\Device\CMSDK_CM7_SP\startup_CMSDK_CM7.s
      At line 170 in file RTE\Device\CMSDK_CM7_SP\startup_CMSDK_CM7.s

SysTick_Handler 00000018

Symbol: SysTick_Handler
   Definitions
      At line 182 in file RTE\Device\CMSDK_CM7_SP\startup_CMSDK_CM7.s
   Uses
      At line 88 in file RTE\Device\CMSDK_CM7_SP\startup_CMSDK_CM7.s
      At line 183 in file RTE\Device\CMSDK_CM7_SP\startup_CMSDK_CM7.s

TIMER0_Handler 0000001A

Symbol: TIMER0_Handler
   Definitions
      At line 229 in file RTE\Device\CMSDK_CM7_SP\startup_CMSDK_CM7.s
   Uses
      At line 99 in file RTE\Device\CMSDK_CM7_SP\startup_CMSDK_CM7.s
      At line 196 in file RTE\Device\CMSDK_CM7_SP\startup_CMSDK_CM7.s

TIMER1_Handler 0000001A

Symbol: TIMER1_Handler
   Definitions
      At line 230 in file RTE\Device\CMSDK_CM7_SP\startup_CMSDK_CM7.s
   Uses
      At line 100 in file RTE\Device\CMSDK_CM7_SP\startup_CMSDK_CM7.s
      At line 197 in file RTE\Device\CMSDK_CM7_SP\startup_CMSDK_CM7.s

TOUCHSCREEN_Handler 0000001A

Symbol: TOUCHSCREEN_Handler
   Definitions
      At line 236 in file RTE\Device\CMSDK_CM7_SP\startup_CMSDK_CM7.s
   Uses
      At line 106 in file RTE\Device\CMSDK_CM7_SP\startup_CMSDK_CM7.s
      At line 203 in file RTE\Device\CMSDK_CM7_SP\startup_CMSDK_CM7.s

UART0RX_Handler 0000001A

Symbol: UART0RX_Handler
   Definitions
      At line 221 in file RTE\Device\CMSDK_CM7_SP\startup_CMSDK_CM7.s
   Uses
      At line 91 in file RTE\Device\CMSDK_CM7_SP\startup_CMSDK_CM7.s
      At line 188 in file RTE\Device\CMSDK_CM7_SP\startup_CMSDK_CM7.s




ARM Macro Assembler    Page 6 Alphabetic symbol ordering
Relocatable symbols

UART0TX_Handler 0000001A

Symbol: UART0TX_Handler
   Definitions
      At line 222 in file RTE\Device\CMSDK_CM7_SP\startup_CMSDK_CM7.s
   Uses
      At line 92 in file RTE\Device\CMSDK_CM7_SP\startup_CMSDK_CM7.s
      At line 189 in file RTE\Device\CMSDK_CM7_SP\startup_CMSDK_CM7.s

UART1RX_Handler 0000001A

Symbol: UART1RX_Handler
   Definitions
      At line 223 in file RTE\Device\CMSDK_CM7_SP\startup_CMSDK_CM7.s
   Uses
      At line 93 in file RTE\Device\CMSDK_CM7_SP\startup_CMSDK_CM7.s
      At line 190 in file RTE\Device\CMSDK_CM7_SP\startup_CMSDK_CM7.s

UART1TX_Handler 0000001A

Symbol: UART1TX_Handler
   Definitions
      At line 224 in file RTE\Device\CMSDK_CM7_SP\startup_CMSDK_CM7.s
   Uses
      At line 94 in file RTE\Device\CMSDK_CM7_SP\startup_CMSDK_CM7.s
      At line 191 in file RTE\Device\CMSDK_CM7_SP\startup_CMSDK_CM7.s

UART2RX_Handler 0000001A

Symbol: UART2RX_Handler
   Definitions
      At line 225 in file RTE\Device\CMSDK_CM7_SP\startup_CMSDK_CM7.s
   Uses
      At line 95 in file RTE\Device\CMSDK_CM7_SP\startup_CMSDK_CM7.s
      At line 192 in file RTE\Device\CMSDK_CM7_SP\startup_CMSDK_CM7.s

UART2TX_Handler 0000001A

Symbol: UART2TX_Handler
   Definitions
      At line 226 in file RTE\Device\CMSDK_CM7_SP\startup_CMSDK_CM7.s
   Uses
      At line 96 in file RTE\Device\CMSDK_CM7_SP\startup_CMSDK_CM7.s
      At line 193 in file RTE\Device\CMSDK_CM7_SP\startup_CMSDK_CM7.s

UART3RX_Handler 0000001A

Symbol: UART3RX_Handler
   Definitions
      At line 239 in file RTE\Device\CMSDK_CM7_SP\startup_CMSDK_CM7.s
   Uses
      At line 109 in file RTE\Device\CMSDK_CM7_SP\startup_CMSDK_CM7.s
      At line 206 in file RTE\Device\CMSDK_CM7_SP\startup_CMSDK_CM7.s

UART3TX_Handler 0000001A

Symbol: UART3TX_Handler
   Definitions
      At line 240 in file RTE\Device\CMSDK_CM7_SP\startup_CMSDK_CM7.s



ARM Macro Assembler    Page 7 Alphabetic symbol ordering
Relocatable symbols

   Uses
      At line 110 in file RTE\Device\CMSDK_CM7_SP\startup_CMSDK_CM7.s
      At line 207 in file RTE\Device\CMSDK_CM7_SP\startup_CMSDK_CM7.s

UART4RX_Handler 0000001A

Symbol: UART4RX_Handler
   Definitions
      At line 241 in file RTE\Device\CMSDK_CM7_SP\startup_CMSDK_CM7.s
   Uses
      At line 111 in file RTE\Device\CMSDK_CM7_SP\startup_CMSDK_CM7.s
      At line 208 in file RTE\Device\CMSDK_CM7_SP\startup_CMSDK_CM7.s

UART4TX_Handler 0000001A

Symbol: UART4TX_Handler
   Definitions
      At line 242 in file RTE\Device\CMSDK_CM7_SP\startup_CMSDK_CM7.s
   Uses
      At line 112 in file RTE\Device\CMSDK_CM7_SP\startup_CMSDK_CM7.s
      At line 209 in file RTE\Device\CMSDK_CM7_SP\startup_CMSDK_CM7.s

UART_0_1_2_OVF_Handler 0000001A

Symbol: UART_0_1_2_OVF_Handler
   Definitions
      At line 233 in file RTE\Device\CMSDK_CM7_SP\startup_CMSDK_CM7.s
   Uses
      At line 103 in file RTE\Device\CMSDK_CM7_SP\startup_CMSDK_CM7.s
      At line 200 in file RTE\Device\CMSDK_CM7_SP\startup_CMSDK_CM7.s

UsageFault_Handler 00000010

Symbol: UsageFault_Handler
   Definitions
      At line 165 in file RTE\Device\CMSDK_CM7_SP\startup_CMSDK_CM7.s
   Uses
      At line 79 in file RTE\Device\CMSDK_CM7_SP\startup_CMSDK_CM7.s
      At line 166 in file RTE\Device\CMSDK_CM7_SP\startup_CMSDK_CM7.s

44 symbols



ARM Macro Assembler    Page 1 Alphabetic symbol ordering
Absolute symbols

Heap_Size 00000C00

Symbol: Heap_Size
   Definitions
      At line 54 in file RTE\Device\CMSDK_CM7_SP\startup_CMSDK_CM7.s
   Uses
      At line 58 in file RTE\Device\CMSDK_CM7_SP\startup_CMSDK_CM7.s
Comment: Heap_Size used once
Stack_Size 00000400

Symbol: Stack_Size
   Definitions
      At line 43 in file RTE\Device\CMSDK_CM7_SP\startup_CMSDK_CM7.s
   Uses
      At line 46 in file RTE\Device\CMSDK_CM7_SP\startup_CMSDK_CM7.s
Comment: Stack_Size used once
__Vectors_Size 000000C0

Symbol: __Vectors_Size
   Definitions
      At line 125 in file RTE\Device\CMSDK_CM7_SP\startup_CMSDK_CM7.s
   Uses
      At line 71 in file RTE\Device\CMSDK_CM7_SP\startup_CMSDK_CM7.s
Comment: __Vectors_Size used once
3 symbols



ARM Macro Assembler    Page 1 Alphabetic symbol ordering
External symbols

SystemInit 00000000

Symbol: SystemInit
   Definitions
      At line 134 in file RTE\Device\CMSDK_CM7_SP\startup_CMSDK_CM7.s
   Uses
      At line 136 in file RTE\Device\CMSDK_CM7_SP\startup_CMSDK_CM7.s
Comment: SystemInit used once
__main 00000000

Symbol: __main
   Definitions
      At line 135 in file RTE\Device\CMSDK_CM7_SP\startup_CMSDK_CM7.s
   Uses
      At line 138 in file RTE\Device\CMSDK_CM7_SP\startup_CMSDK_CM7.s
Comment: __main used once
2 symbols
396 symbols in table
