#line 1 "..\\..\\Blinky.c"















 

 

#line 1 "..\\..\\..\\sources\\gmsi\\gmsi.h"















 





 
#line 1 "..\\..\\..\\sources\\gmsi\\.\\app_cfg.h"















 




 
#line 1 "..\\..\\..\\sources\\gmsi\\.\\..\\environment_cfg.h"















 




 
 












 
 
 
 
 
 
 




#line 24 "..\\..\\..\\sources\\gmsi\\.\\app_cfg.h"


#line 1 "..\\..\\..\\sources\\gmsi\\.\\utilities\\compiler.h"















 


































 

    
    #pragma anon_unions
#line 62 "..\\..\\..\\sources\\gmsi\\.\\utilities\\compiler.h"




#line 1 "..\\..\\..\\sources\\gmsi\\.\\utilities\\.\\error.h"















 




 
#line 1 "..\\..\\..\\sources\\gmsi\\.\\utilities\\.\\compiler.h"















 
#line 23 "..\\..\\..\\sources\\gmsi\\.\\utilities\\.\\error.h"


 
 



                      



 



typedef enum {
    GSF_ERR_NONE                       =0,     
    GSF_ERR_GENERAL                    =-1,    
    GSF_ERR_NOT_SUPPORT                =-2,    
    GSF_ERR_NOT_READY                  =-3,    
    GSF_ERR_NOT_AVAILABLE              =-4,    
    GSF_ERR_NOT_ACCESSABLE             =-5,    
    GSF_ERR_NOT_ENOUGH_RESOURCES       =-6,    
    GSF_ERR_FAIL                       =-7,    
    GSF_ERR_INVALID_PARAMETER          =-8,    
    GSF_ERR_INVALID_RANGE              =-9,    
    GSF_ERR_INVALID_PTR                =-10,   
    GSF_ERR_INVALID_KEY                =-11,   
    GSF_ERR_IO                         =-12,   
    GSF_ERR_REQ_ALREADY_REGISTERED     =-13,   
    GSF_ERR_UNKNOWN                    =-128,  
} gsf_err_t;


 
 
 
 





#line 67 "..\\..\\..\\sources\\gmsi\\.\\utilities\\compiler.h"
#line 1 "..\\..\\..\\sources\\gmsi\\.\\utilities\\.\\preprocessor\\mrepeat.h"















 




#line 1 "..\\..\\..\\sources\\gmsi\\.\\utilities\\.\\preprocessor\\preprocessor.h"















 




#line 1 "..\\..\\..\\sources\\gmsi\\.\\utilities\\.\\preprocessor\\tpaste.h"















 














 

#line 42 "..\\..\\..\\sources\\gmsi\\.\\utilities\\.\\preprocessor\\tpaste.h"










 

#line 63 "..\\..\\..\\sources\\gmsi\\.\\utilities\\.\\preprocessor\\tpaste.h"



#line 22 "..\\..\\..\\sources\\gmsi\\.\\utilities\\.\\preprocessor\\preprocessor.h"
#line 1 "..\\..\\..\\sources\\gmsi\\.\\utilities\\.\\preprocessor\\stringz.h"















 















 










 



#line 23 "..\\..\\..\\sources\\gmsi\\.\\utilities\\.\\preprocessor\\preprocessor.h"
#line 1 "..\\..\\..\\sources\\gmsi\\.\\utilities\\.\\preprocessor\\mrepeat.h"















 

#line 24 "..\\..\\..\\sources\\gmsi\\.\\utilities\\.\\preprocessor\\preprocessor.h"


#line 22 "..\\..\\..\\sources\\gmsi\\.\\utilities\\.\\preprocessor\\mrepeat.h"















 


#line 297 "..\\..\\..\\sources\\gmsi\\.\\utilities\\.\\preprocessor\\mrepeat.h"


#line 68 "..\\..\\..\\sources\\gmsi\\.\\utilities\\compiler.h"
     

#line 1 "..\\..\\..\\sources\\gmsi\\.\\utilities\\.\\arm\\arm_compiler.h"















 





 




 






    
#line 41 "..\\..\\..\\sources\\gmsi\\.\\utilities\\.\\arm\\arm_compiler.h"






#line 65 "..\\..\\..\\sources\\gmsi\\.\\utilities\\.\\arm\\arm_compiler.h"







#line 83 "..\\..\\..\\sources\\gmsi\\.\\utilities\\.\\arm\\arm_compiler.h"


















#line 150 "..\\..\\..\\sources\\gmsi\\.\\utilities\\.\\arm\\arm_compiler.h"






#line 175 "..\\..\\..\\sources\\gmsi\\.\\utilities\\.\\arm\\arm_compiler.h"








 

   
#line 193 "..\\..\\..\\sources\\gmsi\\.\\utilities\\.\\arm\\arm_compiler.h"

   
#line 202 "..\\..\\..\\sources\\gmsi\\.\\utilities\\.\\arm\\arm_compiler.h"

#line 210 "..\\..\\..\\sources\\gmsi\\.\\utilities\\.\\arm\\arm_compiler.h"
typedef int   istate_t;
#line 243 "..\\..\\..\\sources\\gmsi\\.\\utilities\\.\\arm\\arm_compiler.h"

 
 



 
#line 1 "..\\..\\..\\sources\\gmsi\\.\\utilities\\.\\arm\\cortex_m0_compiler.h"















 








 



 
 






 




 




#line 252 "..\\..\\..\\sources\\gmsi\\.\\utilities\\.\\arm\\arm_compiler.h"
#line 269 "..\\..\\..\\sources\\gmsi\\.\\utilities\\.\\arm\\arm_compiler.h"




 
#line 1 "..\\..\\..\\sources\\gmsi\\.\\utilities\\.\\arm\\.\\app_type.h"















 




 
#line 1 "C:\\Keil_v5\\ARM\\ARMCC\\Bin\\..\\include\\stdint.h"
 
 





 









     
#line 27 "C:\\Keil_v5\\ARM\\ARMCC\\Bin\\..\\include\\stdint.h"
     











#line 46 "C:\\Keil_v5\\ARM\\ARMCC\\Bin\\..\\include\\stdint.h"





 

     

     
typedef   signed          char int8_t;
typedef   signed short     int int16_t;
typedef   signed           int int32_t;
typedef   signed       __int64 int64_t;

     
typedef unsigned          char uint8_t;
typedef unsigned short     int uint16_t;
typedef unsigned           int uint32_t;
typedef unsigned       __int64 uint64_t;

     

     
     
typedef   signed          char int_least8_t;
typedef   signed short     int int_least16_t;
typedef   signed           int int_least32_t;
typedef   signed       __int64 int_least64_t;

     
typedef unsigned          char uint_least8_t;
typedef unsigned short     int uint_least16_t;
typedef unsigned           int uint_least32_t;
typedef unsigned       __int64 uint_least64_t;

     

     
typedef   signed           int int_fast8_t;
typedef   signed           int int_fast16_t;
typedef   signed           int int_fast32_t;
typedef   signed       __int64 int_fast64_t;

     
typedef unsigned           int uint_fast8_t;
typedef unsigned           int uint_fast16_t;
typedef unsigned           int uint_fast32_t;
typedef unsigned       __int64 uint_fast64_t;

     




typedef   signed           int intptr_t;
typedef unsigned           int uintptr_t;


     
typedef   signed     long long intmax_t;
typedef unsigned     long long uintmax_t;




     

     





     





     





     

     





     





     





     

     





     





     





     

     






     






     






     

     


     


     


     

     
#line 216 "C:\\Keil_v5\\ARM\\ARMCC\\Bin\\..\\include\\stdint.h"

     



     






     
    
 



#line 241 "C:\\Keil_v5\\ARM\\ARMCC\\Bin\\..\\include\\stdint.h"

     







     










     











#line 305 "C:\\Keil_v5\\ARM\\ARMCC\\Bin\\..\\include\\stdint.h"






 
#line 23 "..\\..\\..\\sources\\gmsi\\.\\utilities\\.\\arm\\.\\app_type.h"
#line 1 "C:\\Keil_v5\\ARM\\ARMCC\\Bin\\..\\include\\stdbool.h"
 






 





#line 25 "C:\\Keil_v5\\ARM\\ARMCC\\Bin\\..\\include\\stdbool.h"



#line 24 "..\\..\\..\\sources\\gmsi\\.\\utilities\\.\\arm\\.\\app_type.h"
#line 1 "C:\\Keil_v5\\ARM\\ARMCC\\Bin\\..\\include\\stddef.h"
 






 

 
 
 





 





#line 34 "C:\\Keil_v5\\ARM\\ARMCC\\Bin\\..\\include\\stddef.h"




  typedef signed int ptrdiff_t;



  



    typedef unsigned int size_t;    
#line 57 "C:\\Keil_v5\\ARM\\ARMCC\\Bin\\..\\include\\stddef.h"



   



      typedef unsigned short wchar_t;  
#line 82 "C:\\Keil_v5\\ARM\\ARMCC\\Bin\\..\\include\\stddef.h"



    




   




  typedef long double max_align_t;









#line 114 "C:\\Keil_v5\\ARM\\ARMCC\\Bin\\..\\include\\stddef.h"



 

#line 25 "..\\..\\..\\sources\\gmsi\\.\\utilities\\.\\arm\\.\\app_type.h"

 
 










     




 

#line 63 "..\\..\\..\\sources\\gmsi\\.\\utilities\\.\\arm\\.\\app_type.h"

#line 100 "..\\..\\..\\sources\\gmsi\\.\\utilities\\.\\arm\\.\\app_type.h"

#line 113 "..\\..\\..\\sources\\gmsi\\.\\utilities\\.\\arm\\.\\app_type.h"

#line 123 "..\\..\\..\\sources\\gmsi\\.\\utilities\\.\\arm\\.\\app_type.h"

#line 149 "..\\..\\..\\sources\\gmsi\\.\\utilities\\.\\arm\\.\\app_type.h"

#line 156 "..\\..\\..\\sources\\gmsi\\.\\utilities\\.\\arm\\.\\app_type.h"





     


 




typedef enum {
    fsm_rt_err          = -1,    
    fsm_rt_cpl          = 0,     
    fsm_rt_on_going     = 1,     
    fsm_rt_wait_for_obj = 2,     
    fsm_rt_asyn         = 3,     
} fsm_rt_t;







typedef volatile unsigned char     reg8_t;
typedef volatile unsigned short    reg16_t;
typedef volatile unsigned int      reg32_t;


 
 
 

#line 275 "..\\..\\..\\sources\\gmsi\\.\\utilities\\.\\arm\\arm_compiler.h"


#line 1 "..\\..\\..\\sources\\gmsi\\.\\utilities\\.\\arm\\.\\signal.h"















 




 
 










#line 46 "..\\..\\..\\sources\\gmsi\\.\\utilities\\.\\arm\\.\\signal.h"




















#line 79 "..\\..\\..\\sources\\gmsi\\.\\utilities\\.\\arm\\.\\signal.h"






















 
#line 109 "..\\..\\..\\sources\\gmsi\\.\\utilities\\.\\arm\\.\\signal.h"
 
 
typedef volatile _Bool locker_t;

 
 
 





 
extern _Bool enter_lock(locker_t *ptLock);




 
extern void leave_lock(locker_t *ptLock);
#line 278 "..\\..\\..\\sources\\gmsi\\.\\utilities\\.\\arm\\arm_compiler.h"

#line 72 "..\\..\\..\\sources\\gmsi\\.\\utilities\\compiler.h"





   



     









#line 102 "..\\..\\..\\sources\\gmsi\\.\\utilities\\compiler.h"












     
     





#line 132 "..\\..\\..\\sources\\gmsi\\.\\utilities\\compiler.h"


#line 1 "..\\..\\..\\sources\\gmsi\\.\\utilities\\.\\ooc.h"















 




 
#line 23 "..\\..\\..\\sources\\gmsi\\.\\utilities\\.\\ooc.h"









 

 



 

  
  #pragma anon_unions
#line 53 "..\\..\\..\\sources\\gmsi\\.\\utilities\\.\\ooc.h"






 



















 











          
#line 99 "..\\..\\..\\sources\\gmsi\\.\\utilities\\.\\ooc.h"





 
#line 114 "..\\..\\..\\sources\\gmsi\\.\\utilities\\.\\ooc.h"

#line 122 "..\\..\\..\\sources\\gmsi\\.\\utilities\\.\\ooc.h"


#line 130 "..\\..\\..\\sources\\gmsi\\.\\utilities\\.\\ooc.h"






 















































 






 






 







           

 


typedef fsm_rt_t DELEGATE_HANDLE_FUNC(void *pArg, void *pParam);

typedef union DELEGATE_HANDLE DELEGATE_HANDLE;


union DELEGATE_HANDLE {  uint_fast8_t DELEGATE_HANDLE__chMask[(sizeof(struct{ 
    DELEGATE_HANDLE_FUNC   *fnHandler;      
    void                   *pArg;           
    DELEGATE_HANDLE        *ptNext;         
}) + sizeof(uint_fast8_t) - 1) / sizeof(uint_fast8_t)]; };


typedef union DELEGATE DELEGATE;


union DELEGATE {  uint_fast8_t DELEGATE__chMask[(sizeof(struct{ 
    DELEGATE_HANDLE     *ptEvent;
    DELEGATE_HANDLE     *ptBlockedList;
    DELEGATE_HANDLE     **pptHandler;
}) + sizeof(uint_fast8_t) - 1) / sizeof(uint_fast8_t)]; };




typedef struct u32_property_t u32_property_t;  struct u32_property_t {
    _Bool (*Set)(uint32_t wValue);
    uint32_t (*Get)(void);
};




typedef struct u16_property_t u16_property_t;  struct u16_property_t {
    _Bool (*Set)(uint_fast16_t wValue);
    uint_fast16_t (*Get)(void);
};




typedef struct u8_property_t u8_property_t;  struct u8_property_t {
    _Bool (*Set)(uint_fast8_t wValue);
    uint_fast8_t (*Get)(void);
};





typedef struct i32_property_t i32_property_t;  struct i32_property_t {
    _Bool (*Set)(int32_t wValue);
    int32_t (*Get)(void);
};




typedef struct i16_property_t i16_property_t;  struct i16_property_t {
    _Bool (*Set)(int_fast16_t wValue);
    int_fast16_t (*Get)(void);
};




typedef struct i8_property_t i8_property_t;  struct i8_property_t {
    _Bool (*Set)(int_fast8_t wValue);
    int_fast8_t (*Get)(void);
};




typedef struct bool_property_t bool_property_t;  struct bool_property_t {
    _Bool (*Set)(_Bool bValue);
    _Bool (*Get)(void);
};




typedef struct en_property_t en_property_t;  struct en_property_t {
    _Bool (*Enable)(void);
    _Bool (*Disable)(void);
};



 
 
 




 
extern DELEGATE *delegate_init(DELEGATE *ptEvent);






 
extern DELEGATE_HANDLE *delegate_handler_init(
    DELEGATE_HANDLE *ptHandler, DELEGATE_HANDLE_FUNC *fnRoutine, void *pArg);





 
extern gsf_err_t register_delegate_handler(DELEGATE *ptEvent, DELEGATE_HANDLE *ptHandler);





 
extern gsf_err_t unregister_delegate_handler( DELEGATE *ptEvent, DELEGATE_HANDLE *ptHandler);





 
extern fsm_rt_t invoke_delegate( DELEGATE *ptEvent, void *pParam);

 
#line 135 "..\\..\\..\\sources\\gmsi\\.\\utilities\\compiler.h"

#line 27 "..\\..\\..\\sources\\gmsi\\.\\app_cfg.h"
#line 1 "..\\..\\..\\sources\\gmsi\\.\\utilities\\usebits.h"















 




 
#line 23 "..\\..\\..\\sources\\gmsi\\.\\utilities\\usebits.h"

 


#line 37 "..\\..\\..\\sources\\gmsi\\.\\utilities\\usebits.h"


 
 

typedef union {
    uint8_t     Value; 
    uint8_t     Byte;    
    struct {

        unsigned BIT0:1;
        unsigned BIT1:1;
        unsigned BIT2:1;
        unsigned BIT3:1;
        unsigned BIT4:1;
        unsigned BIT5:1;
        unsigned BIT6:1;
        unsigned BIT7:1;
#line 65 "..\\..\\..\\sources\\gmsi\\.\\utilities\\usebits.h"
    }           Bits;
    
}byte_t;

typedef union
{
    uint16_t    Value;
    uint8_t     Byte[2];
    
    struct {

        unsigned BIT0:1;
        unsigned BIT1:1;
        unsigned BIT2:1;
        unsigned BIT3:1;
        unsigned BIT4:1;
        unsigned BIT5:1;
        unsigned BIT6:1;
        unsigned BIT7:1;
    
        unsigned BIT8:1;
        unsigned BIT9:1;
        unsigned BIT10:1;
        unsigned BIT11:1;
        unsigned BIT12:1;
        unsigned BIT13:1;
        unsigned BIT14:1;
        unsigned BIT15:1;
#line 112 "..\\..\\..\\sources\\gmsi\\.\\utilities\\usebits.h"
    }           Bits;
    struct {

        uint8_t ByteL;
        uint8_t ByteH;




    }           HWord;
}hword_t;

typedef union {
    uint32_t    Value;
    uint8_t     Byte[4];
    hword_t     HWord[2];
    struct {    

        unsigned BIT0:1;
        unsigned BIT1:1;
        unsigned BIT2:1;
        unsigned BIT3:1;
        unsigned BIT4:1;
        unsigned BIT5:1;
        unsigned BIT6:1;
        unsigned BIT7:1;
    
        unsigned BIT8:1;
        unsigned BIT9:1;
        unsigned BIT10:1;
        unsigned BIT11:1;
        unsigned BIT12:1;
        unsigned BIT13:1;
        unsigned BIT14:1;
        unsigned BIT15:1;
    
        unsigned BIT16:1;
        unsigned BIT17:1;
        unsigned BIT18:1;
        unsigned BIT19:1;
        unsigned BIT20:1;
        unsigned BIT21:1;
        unsigned BIT22:1;
        unsigned BIT23:1;
    
        unsigned BIT24:1;
        unsigned BIT25:1;
        unsigned BIT26:1;
        unsigned BIT27:1;
        unsigned BIT28:1;
        unsigned BIT29:1;
        unsigned BIT30:1;
        unsigned BIT31:1;
#line 202 "..\\..\\..\\sources\\gmsi\\.\\utilities\\usebits.h"
    }           Bits;
    struct {

        uint8_t ByteA;
        uint8_t ByteB;
        uint8_t ByteC;
        uint8_t ByteD;
#line 215 "..\\..\\..\\sources\\gmsi\\.\\utilities\\usebits.h"
    }           Word;
}word_t;

 
 
 


#line 28 "..\\..\\..\\sources\\gmsi\\.\\app_cfg.h"
#line 1 "..\\..\\..\\sources\\gmsi\\.\\utilities\\simple_fsm.h"















 



 
 






 












#line 47 "..\\..\\..\\sources\\gmsi\\.\\utilities\\simple_fsm.h"




#line 57 "..\\..\\..\\sources\\gmsi\\.\\utilities\\simple_fsm.h"






































#line 103 "..\\..\\..\\sources\\gmsi\\.\\utilities\\simple_fsm.h"







            







#line 125 "..\\..\\..\\sources\\gmsi\\.\\utilities\\simple_fsm.h"

#line 135 "..\\..\\..\\sources\\gmsi\\.\\utilities\\simple_fsm.h"


 

#line 153 "..\\..\\..\\sources\\gmsi\\.\\utilities\\simple_fsm.h"

 
 
 






 
#line 29 "..\\..\\..\\sources\\gmsi\\.\\app_cfg.h"
#line 1 "..\\..\\..\\sources\\gmsi\\.\\utilities\\tiny_fsm.h"















 




 
#line 23 "..\\..\\..\\sources\\gmsi\\.\\utilities\\tiny_fsm.h"

 
 





























































































 





























#line 160 "..\\..\\..\\sources\\gmsi\\.\\utilities\\tiny_fsm.h"






 






    

 
 
 
 



 
#line 30 "..\\..\\..\\sources\\gmsi\\.\\app_cfg.h"
#line 1 "..\\..\\..\\sources\\gmsi\\.\\utilities\\communicate.h"















 




 
 
 
 



typedef struct {
    uint8_t *pchSrc;        
    uint16_t hwSize;        
} mem_block_t;





typedef struct i_byte_pipe_t i_byte_pipe_t;  struct i_byte_pipe_t {
    
    _Bool (*ReadByte)(uint8_t *pchByte);
    
    _Bool (*WriteByte)(uint_fast8_t chByte);
};




typedef struct i_pipe_t i_pipe_t;  struct i_pipe_t {
    
    _Bool (*ReadByte)(uint8_t *pchByte);
    
    _Bool (*WriteByte)(uint_fast8_t chByte);
    
    struct {
        
        uint_fast16_t  (*Read)(uint8_t *pchStream, uint_fast16_t hwSize);
        
        uint_fast16_t  (*Write)(uint8_t *pchStream, uint_fast16_t hwSize);
    } Stream;

};


 
 
 



 
#line 31 "..\\..\\..\\sources\\gmsi\\.\\app_cfg.h"
#line 1 "..\\..\\..\\sources\\gmsi\\.\\utilities\\template\\template.h"















 




 
#line 1 "..\\..\\..\\sources\\gmsi\\.\\utilities\\template\\.\\t_queue.h"















 




 
 





















 












                
































#line 116 "..\\..\\..\\sources\\gmsi\\.\\utilities\\template\\.\\t_queue.h"

#line 332 "..\\..\\..\\sources\\gmsi\\.\\utilities\\template\\.\\t_queue.h"







































 
 
 
 
 


#line 23 "..\\..\\..\\sources\\gmsi\\.\\utilities\\template\\template.h"
#line 1 "..\\..\\..\\sources\\gmsi\\.\\utilities\\template\\.\\t_pool.h"















 




 
 



 
































#line 84 "..\\..\\..\\sources\\gmsi\\.\\utilities\\template\\.\\t_pool.h"

#line 199 "..\\..\\..\\sources\\gmsi\\.\\utilities\\template\\.\\t_pool.h"




 
 
 
 


#line 24 "..\\..\\..\\sources\\gmsi\\.\\utilities\\template\\template.h"

 
 

#line 36 "..\\..\\..\\sources\\gmsi\\.\\utilities\\template\\template.h"

#line 46 "..\\..\\..\\sources\\gmsi\\.\\utilities\\template\\template.h"
        
        
#line 66 "..\\..\\..\\sources\\gmsi\\.\\utilities\\template\\template.h"
    
#line 82 "..\\..\\..\\sources\\gmsi\\.\\utilities\\template\\template.h"
    
 


typedef struct __single_list_node_t __single_list_node_t;  struct __single_list_node_t {
    __single_list_node_t     *ptNext;
};

typedef struct __dual_list_node_t __dual_list_node_t;  struct __dual_list_node_t {
    __dual_list_node_t       *ptNext;
    __dual_list_node_t       *ptPrevious;
};

 
 
 
 





#line 32 "..\\..\\..\\sources\\gmsi\\.\\app_cfg.h"

 





 
 
 
 
 
 


 
#line 1 "..\\..\\..\\sources\\gmsi\\.\\..\\app_cfg.h"















 




 


 




 





 
















 











 


















#line 90 "..\\..\\..\\sources\\gmsi\\.\\..\\app_cfg.h"




 
 
 
 
 
 
 



#line 49 "..\\..\\..\\sources\\gmsi\\.\\app_cfg.h"




#line 24 "..\\..\\..\\sources\\gmsi\\gmsi.h"
#line 1 "..\\..\\..\\sources\\gmsi\\.\\hal\\hal.h"















 




 
#line 1 "..\\..\\..\\sources\\gmsi\\.\\hal\\.\\app_cfg.h"















 



#line 21 "..\\..\\..\\sources\\gmsi\\.\\hal\\.\\app_cfg.h"




 


 
 
 
 
 
 



 
#line 23 "..\\..\\..\\sources\\gmsi\\.\\hal\\hal.h"
#line 1 "..\\..\\..\\sources\\gmsi\\.\\hal\\.\\component\\component.h"















 




 
#line 1 "..\\..\\..\\sources\\gmsi\\.\\hal\\.\\component\\.\\app_cfg.h"

















 



#line 1 "..\\..\\..\\sources\\gmsi\\.\\hal\\.\\component\\.\\..\\app_cfg.h"















 



#line 21 "..\\..\\..\\sources\\gmsi\\.\\hal\\.\\component\\.\\..\\app_cfg.h"

#line 37 "..\\..\\..\\sources\\gmsi\\.\\hal\\.\\component\\.\\..\\app_cfg.h"
 
#line 23 "..\\..\\..\\sources\\gmsi\\.\\hal\\.\\component\\.\\app_cfg.h"




 
 
 
 
 
 
 



 
#line 23 "..\\..\\..\\sources\\gmsi\\.\\hal\\.\\component\\component.h"
#line 1 "..\\..\\..\\sources\\gmsi\\.\\hal\\.\\component\\.\\key\\key.h"















 



      
 
#line 1 "..\\..\\..\\sources\\gmsi\\.\\hal\\.\\component\\.\\key\\.\\app_cfg.h"















 



#line 1 "..\\..\\..\\sources\\gmsi\\.\\hal\\.\\component\\.\\key\\.\\..\\app_cfg.h"

















 



#line 1 "..\\..\\..\\sources\\gmsi\\.\\hal\\.\\component\\.\\key\\.\\..\\..\\app_cfg.h"















 



#line 21 "..\\..\\..\\sources\\gmsi\\.\\hal\\.\\component\\.\\key\\.\\..\\..\\app_cfg.h"

#line 37 "..\\..\\..\\sources\\gmsi\\.\\hal\\.\\component\\.\\key\\.\\..\\..\\app_cfg.h"
 
#line 23 "..\\..\\..\\sources\\gmsi\\.\\hal\\.\\component\\.\\key\\.\\..\\app_cfg.h"

#line 37 "..\\..\\..\\sources\\gmsi\\.\\hal\\.\\component\\.\\key\\.\\..\\app_cfg.h"
 
#line 21 "..\\..\\..\\sources\\gmsi\\.\\hal\\.\\component\\.\\key\\.\\app_cfg.h"




 
 
 
 
 
 
 


 
#line 23 "..\\..\\..\\sources\\gmsi\\.\\hal\\.\\component\\.\\key\\key.h"

#line 56 "..\\..\\..\\sources\\gmsi\\.\\hal\\.\\component\\.\\key\\key.h"


 
#line 24 "..\\..\\..\\sources\\gmsi\\.\\hal\\.\\component\\component.h"
#line 1 "..\\..\\..\\sources\\gmsi\\.\\hal\\.\\component\\.\\memory\\memory.h"















 



 
#line 1 "..\\..\\..\\sources\\gmsi\\.\\hal\\.\\component\\.\\memory\\.\\app_cfg.h"















 



#line 1 "..\\..\\..\\sources\\gmsi\\.\\hal\\.\\component\\.\\memory\\.\\..\\app_cfg.h"

















 



#line 1 "..\\..\\..\\sources\\gmsi\\.\\hal\\.\\component\\.\\memory\\.\\..\\..\\app_cfg.h"















 



#line 21 "..\\..\\..\\sources\\gmsi\\.\\hal\\.\\component\\.\\memory\\.\\..\\..\\app_cfg.h"

#line 37 "..\\..\\..\\sources\\gmsi\\.\\hal\\.\\component\\.\\memory\\.\\..\\..\\app_cfg.h"
 
#line 23 "..\\..\\..\\sources\\gmsi\\.\\hal\\.\\component\\.\\memory\\.\\..\\app_cfg.h"

#line 37 "..\\..\\..\\sources\\gmsi\\.\\hal\\.\\component\\.\\memory\\.\\..\\app_cfg.h"
 
#line 21 "..\\..\\..\\sources\\gmsi\\.\\hal\\.\\component\\.\\memory\\.\\app_cfg.h"




 


 
 
 
 
 
 



 
#line 22 "..\\..\\..\\sources\\gmsi\\.\\hal\\.\\component\\.\\memory\\memory.h"
#line 1 "..\\..\\..\\sources\\gmsi\\.\\hal\\.\\component\\.\\memory\\.\\page\\page.h"















 



 
#line 1 "..\\..\\..\\sources\\gmsi\\.\\hal\\.\\component\\.\\memory\\.\\page\\.\\app_cfg.h"















 



#line 1 "..\\..\\..\\sources\\gmsi\\.\\hal\\.\\component\\.\\memory\\.\\page\\.\\..\\app_cfg.h"















 



#line 1 "..\\..\\..\\sources\\gmsi\\.\\hal\\.\\component\\.\\memory\\.\\page\\.\\..\\..\\app_cfg.h"

















 



#line 1 "..\\..\\..\\sources\\gmsi\\.\\hal\\.\\component\\.\\memory\\.\\page\\.\\..\\..\\..\\app_cfg.h"















 



#line 21 "..\\..\\..\\sources\\gmsi\\.\\hal\\.\\component\\.\\memory\\.\\page\\.\\..\\..\\..\\app_cfg.h"

#line 37 "..\\..\\..\\sources\\gmsi\\.\\hal\\.\\component\\.\\memory\\.\\page\\.\\..\\..\\..\\app_cfg.h"
 
#line 23 "..\\..\\..\\sources\\gmsi\\.\\hal\\.\\component\\.\\memory\\.\\page\\.\\..\\..\\app_cfg.h"

#line 37 "..\\..\\..\\sources\\gmsi\\.\\hal\\.\\component\\.\\memory\\.\\page\\.\\..\\..\\app_cfg.h"
 
#line 21 "..\\..\\..\\sources\\gmsi\\.\\hal\\.\\component\\.\\memory\\.\\page\\.\\..\\app_cfg.h"

#line 37 "..\\..\\..\\sources\\gmsi\\.\\hal\\.\\component\\.\\memory\\.\\page\\.\\..\\app_cfg.h"
 
#line 21 "..\\..\\..\\sources\\gmsi\\.\\hal\\.\\component\\.\\memory\\.\\page\\.\\app_cfg.h"




 


 
 
 
 
 
 



 
#line 22 "..\\..\\..\\sources\\gmsi\\.\\hal\\.\\component\\.\\memory\\.\\page\\page.h"
#line 1 "..\\..\\..\\sources\\gmsi\\.\\hal\\.\\component\\.\\memory\\.\\page\\.\\interface.h"















 




 
#line 1 "..\\..\\..\\sources\\gmsi\\.\\hal\\.\\component\\.\\memory\\.\\page\\.\\.\\app_cfg.h"















 



#line 1 "..\\..\\..\\sources\\gmsi\\.\\hal\\.\\component\\.\\memory\\.\\page\\.\\.\\..\\app_cfg.h"















 



#line 1 "..\\..\\..\\sources\\gmsi\\.\\hal\\.\\component\\.\\memory\\.\\page\\.\\.\\..\\..\\app_cfg.h"

















 



#line 1 "..\\..\\..\\sources\\gmsi\\.\\hal\\.\\component\\.\\memory\\.\\page\\.\\.\\..\\..\\..\\app_cfg.h"















 



#line 21 "..\\..\\..\\sources\\gmsi\\.\\hal\\.\\component\\.\\memory\\.\\page\\.\\.\\..\\..\\..\\app_cfg.h"

#line 37 "..\\..\\..\\sources\\gmsi\\.\\hal\\.\\component\\.\\memory\\.\\page\\.\\.\\..\\..\\..\\app_cfg.h"
 
#line 23 "..\\..\\..\\sources\\gmsi\\.\\hal\\.\\component\\.\\memory\\.\\page\\.\\.\\..\\..\\app_cfg.h"

#line 37 "..\\..\\..\\sources\\gmsi\\.\\hal\\.\\component\\.\\memory\\.\\page\\.\\.\\..\\..\\app_cfg.h"
 
#line 21 "..\\..\\..\\sources\\gmsi\\.\\hal\\.\\component\\.\\memory\\.\\page\\.\\.\\..\\app_cfg.h"

#line 37 "..\\..\\..\\sources\\gmsi\\.\\hal\\.\\component\\.\\memory\\.\\page\\.\\.\\..\\app_cfg.h"
 
#line 21 "..\\..\\..\\sources\\gmsi\\.\\hal\\.\\component\\.\\memory\\.\\page\\.\\.\\app_cfg.h"

#line 37 "..\\..\\..\\sources\\gmsi\\.\\hal\\.\\component\\.\\memory\\.\\page\\.\\.\\app_cfg.h"
 
#line 23 "..\\..\\..\\sources\\gmsi\\.\\hal\\.\\component\\.\\memory\\.\\page\\.\\interface.h"
#line 1 "..\\..\\..\\sources\\gmsi\\.\\hal\\.\\component\\.\\memory\\.\\page\\.\\..\\interface.h"















 




 
#line 1 "..\\..\\..\\sources\\gmsi\\.\\hal\\.\\component\\.\\memory\\.\\page\\.\\..\\.\\app_cfg.h"















 



#line 1 "..\\..\\..\\sources\\gmsi\\.\\hal\\.\\component\\.\\memory\\.\\page\\.\\..\\.\\..\\app_cfg.h"

















 



#line 1 "..\\..\\..\\sources\\gmsi\\.\\hal\\.\\component\\.\\memory\\.\\page\\.\\..\\.\\..\\..\\app_cfg.h"















 



#line 21 "..\\..\\..\\sources\\gmsi\\.\\hal\\.\\component\\.\\memory\\.\\page\\.\\..\\.\\..\\..\\app_cfg.h"

#line 37 "..\\..\\..\\sources\\gmsi\\.\\hal\\.\\component\\.\\memory\\.\\page\\.\\..\\.\\..\\..\\app_cfg.h"
 
#line 23 "..\\..\\..\\sources\\gmsi\\.\\hal\\.\\component\\.\\memory\\.\\page\\.\\..\\.\\..\\app_cfg.h"

#line 37 "..\\..\\..\\sources\\gmsi\\.\\hal\\.\\component\\.\\memory\\.\\page\\.\\..\\.\\..\\app_cfg.h"
 
#line 21 "..\\..\\..\\sources\\gmsi\\.\\hal\\.\\component\\.\\memory\\.\\page\\.\\..\\.\\app_cfg.h"

#line 37 "..\\..\\..\\sources\\gmsi\\.\\hal\\.\\component\\.\\memory\\.\\page\\.\\..\\.\\app_cfg.h"
 
#line 23 "..\\..\\..\\sources\\gmsi\\.\\hal\\.\\component\\.\\memory\\.\\page\\.\\..\\interface.h"

 
 
 






 
typedef fsm_rt_t mem_access_t( void *pObj, 
    uint_fast16_t hwAddress, uint8_t *pchStream, uint_fast16_t hwSize);

 
 
 



 
#line 24 "..\\..\\..\\sources\\gmsi\\.\\hal\\.\\component\\.\\memory\\.\\page\\.\\interface.h"
 
 
 





 
typedef fsm_rt_t page_access_t( 
    void *pObj, uint32_t wAddress, uint8_t *pchStream);



typedef struct i_page_t i_page_t;  struct i_page_t {
    page_access_t *fnPageWrite;                                 
    page_access_t *fnPageRead;                                  
    fsm_rt_t   (*fnPageErase)(void *pObj, uint32_t wAddress);  
};


 
 
 



 
#line 23 "..\\..\\..\\sources\\gmsi\\.\\hal\\.\\component\\.\\memory\\.\\page\\page.h"

 
 







 



typedef enum {
    PAGE_SIZE_4,                
    PAGE_SIZE_8,                
    PAGE_SIZE_16,               
    PAGE_SIZE_32,               
    PAGE_SIZE_64,               
    PAGE_SIZE_128,              
    PAGE_SIZE_256,              
    PAGE_SIZE_512,              
    PAGE_SIZE_1024,             
    PAGE_SIZE_2048,             
    PAGE_SIZE_4096              
}page_size_t;





typedef struct {
    i_page_t    tIO;                    
    uint8_t     *pchBuffer;             
    page_size_t tPageSize;              
    void        *pObj;
}page_cfg_t;


typedef union page_t page_t;


union page_t {  uint_fast8_t page_t__chMask[(sizeof(struct{ 
    const i_page_t  tIO;
    void            *pObj;
    uint8_t         *pchBuffer;
    const uint16_t  hwPageSize;
    locker_t        bCritical;
    uint8_t         bModified;
    uint8_t         chFSMWrite;
    uint8_t         chFSMRead;
    uint8_t         *pchStream;
    uint16_t        hwCount;
    uint32_t        wAddress;
    uint32_t        wPageAddress;
}) + sizeof(uint_fast8_t) - 1) / sizeof(uint_fast8_t)]; };


 
 
 






 
extern _Bool page_init(page_t *ptPage, page_cfg_t *ptCFG);







 
extern fsm_rt_t write_memory_disregard_page( page_t *ptPage, 
     uint_fast16_t hwAddress, uint8_t *pchStream, uint_fast16_t hwSize );







 
extern fsm_rt_t read_memory_disregard_page( page_t *ptPage, 
     uint_fast16_t hwAddress, uint8_t *pchStream, uint_fast16_t hwSize );

 
#line 23 "..\\..\\..\\sources\\gmsi\\.\\hal\\.\\component\\.\\memory\\memory.h"
#line 1 "..\\..\\..\\sources\\gmsi\\.\\hal\\.\\component\\.\\memory\\.\\mal\\mal.h"















 




 
#line 1 "..\\..\\..\\sources\\gmsi\\.\\hal\\.\\component\\.\\memory\\.\\mal\\.\\app_cfg.h"















 



#line 1 "..\\..\\..\\sources\\gmsi\\.\\hal\\.\\component\\.\\memory\\.\\mal\\.\\..\\app_cfg.h"















 



#line 1 "..\\..\\..\\sources\\gmsi\\.\\hal\\.\\component\\.\\memory\\.\\mal\\.\\..\\..\\app_cfg.h"

















 



#line 1 "..\\..\\..\\sources\\gmsi\\.\\hal\\.\\component\\.\\memory\\.\\mal\\.\\..\\..\\..\\app_cfg.h"















 



#line 21 "..\\..\\..\\sources\\gmsi\\.\\hal\\.\\component\\.\\memory\\.\\mal\\.\\..\\..\\..\\app_cfg.h"

#line 37 "..\\..\\..\\sources\\gmsi\\.\\hal\\.\\component\\.\\memory\\.\\mal\\.\\..\\..\\..\\app_cfg.h"
 
#line 23 "..\\..\\..\\sources\\gmsi\\.\\hal\\.\\component\\.\\memory\\.\\mal\\.\\..\\..\\app_cfg.h"

#line 37 "..\\..\\..\\sources\\gmsi\\.\\hal\\.\\component\\.\\memory\\.\\mal\\.\\..\\..\\app_cfg.h"
 
#line 21 "..\\..\\..\\sources\\gmsi\\.\\hal\\.\\component\\.\\memory\\.\\mal\\.\\..\\app_cfg.h"

#line 37 "..\\..\\..\\sources\\gmsi\\.\\hal\\.\\component\\.\\memory\\.\\mal\\.\\..\\app_cfg.h"
 
#line 21 "..\\..\\..\\sources\\gmsi\\.\\hal\\.\\component\\.\\memory\\.\\mal\\.\\app_cfg.h"




 


 
 
 
 
 
 



 
#line 23 "..\\..\\..\\sources\\gmsi\\.\\hal\\.\\component\\.\\memory\\.\\mal\\mal.h"
#line 1 "..\\..\\..\\sources\\gmsi\\.\\hal\\.\\component\\.\\memory\\.\\mal\\.\\interface.h"















 




 
#line 1 "..\\..\\..\\sources\\gmsi\\.\\hal\\.\\component\\.\\memory\\.\\mal\\.\\.\\app_cfg.h"















 



#line 1 "..\\..\\..\\sources\\gmsi\\.\\hal\\.\\component\\.\\memory\\.\\mal\\.\\.\\..\\app_cfg.h"















 



#line 1 "..\\..\\..\\sources\\gmsi\\.\\hal\\.\\component\\.\\memory\\.\\mal\\.\\.\\..\\..\\app_cfg.h"

















 



#line 1 "..\\..\\..\\sources\\gmsi\\.\\hal\\.\\component\\.\\memory\\.\\mal\\.\\.\\..\\..\\..\\app_cfg.h"















 



#line 21 "..\\..\\..\\sources\\gmsi\\.\\hal\\.\\component\\.\\memory\\.\\mal\\.\\.\\..\\..\\..\\app_cfg.h"

#line 37 "..\\..\\..\\sources\\gmsi\\.\\hal\\.\\component\\.\\memory\\.\\mal\\.\\.\\..\\..\\..\\app_cfg.h"
 
#line 23 "..\\..\\..\\sources\\gmsi\\.\\hal\\.\\component\\.\\memory\\.\\mal\\.\\.\\..\\..\\app_cfg.h"

#line 37 "..\\..\\..\\sources\\gmsi\\.\\hal\\.\\component\\.\\memory\\.\\mal\\.\\.\\..\\..\\app_cfg.h"
 
#line 21 "..\\..\\..\\sources\\gmsi\\.\\hal\\.\\component\\.\\memory\\.\\mal\\.\\.\\..\\app_cfg.h"

#line 37 "..\\..\\..\\sources\\gmsi\\.\\hal\\.\\component\\.\\memory\\.\\mal\\.\\.\\..\\app_cfg.h"
 
#line 21 "..\\..\\..\\sources\\gmsi\\.\\hal\\.\\component\\.\\memory\\.\\mal\\.\\.\\app_cfg.h"

#line 37 "..\\..\\..\\sources\\gmsi\\.\\hal\\.\\component\\.\\memory\\.\\mal\\.\\.\\app_cfg.h"
 
#line 23 "..\\..\\..\\sources\\gmsi\\.\\hal\\.\\component\\.\\memory\\.\\mal\\.\\interface.h"
#line 24 "..\\..\\..\\sources\\gmsi\\.\\hal\\.\\component\\.\\memory\\.\\mal\\.\\interface.h"
#line 25 "..\\..\\..\\sources\\gmsi\\.\\hal\\.\\component\\.\\memory\\.\\mal\\.\\interface.h"









typedef enum {
    
    MEM_NOT_READY       = 0x00,
    
    MEM_READY_IDLE      = ((uint32_t)1 << (0)),
    
    MEM_READY_BUSY      = ((uint32_t)1 << (0)) | ((uint32_t)1 << (1)),
} em_mem_status_t;





typedef enum {
    MEM_BLOCK_ACCESS        = 0,            
    MEM_RANDOM_ACCESS,                      
    MEM_STREAM_ACCESS                       
}em_mem_property_t;




typedef struct {
    uint16_t        hwProperty;             
    uint16_t        hwPageSize;             
    uint32_t        wPageCount;             
    uint8_t         chPageSizeBit;
} mem_info_t;


 

typedef union mem_t mem_t;



typedef struct i_mcb_t i_mcb_t;  struct i_mcb_t {

    mem_info_t      (*Info)     (mem_t *ptMal);
                                                                                  
    fsm_rt_t        (*Init)     (mem_t *ptMal, void *ptCFG);                
    fsm_rt_t        (*Finish)   (mem_t *ptMal);
                             
    fsm_rt_t        (*Open)     (mem_t *ptMal);                             
    fsm_rt_t        (*Close)    (mem_t *ptMal);

    fsm_rt_t        (*Config)   (mem_t *ptMal, void *ptCFG);
    em_mem_status_t (*GetStatus)(mem_t *ptMal);

};   




typedef struct i_mem_page_t i_mem_page_t;  struct i_mem_page_t {

    fsm_rt_t (*PageWrite)   (   mem_t *ptMal, 
                                uint32_t wPageAddress, void *ptBuffer);
    fsm_rt_t (*PageErase)   (   mem_t *ptMal, uint32_t wPageAddress);
    fsm_rt_t (*PageRead)    (   mem_t *ptMal, 
                                uint32_t wPageAddress, 
                                uint_fast16_t hwOffset, 
                                uint8_t *pchStream, 
                                uint_fast16_t hwSize);
    fsm_rt_t (*PageVerify)  (   mem_t *ptMal, 
                                uint32_t wPageAddress, 
                                uint_fast16_t hwOffset, 
                                uint8_t *pchStream, 
                                uint_fast16_t hwSize);
    fsm_rt_t (*Erase)       (   mem_t *ptMal);

};

    



typedef struct i_mem_t i_mem_t;  struct i_mem_t {  
    union { i_mcb_t base__i_mcb_t; i_mcb_t; }; 
    union { i_mem_page_t base__i_mem_page_t; i_mem_page_t; };
    
};



typedef struct __mem_t __mem_t; struct __mem_t { const i_mem_t *ptMethod;
    page_t *ptPage;

}; union mem_t { const i_mem_t *ptMethod; uint_fast8_t mem_t__chMask[(sizeof(__mem_t) + sizeof(uint_fast8_t) - 1) / sizeof(uint_fast8_t)]; };



 
 
 
 
 
 


 
#line 24 "..\\..\\..\\sources\\gmsi\\.\\hal\\.\\component\\.\\memory\\.\\mal\\mal.h"
#line 1 "..\\..\\..\\sources\\gmsi\\.\\hal\\.\\component\\.\\memory\\.\\mal\\.\\sdf_w25qxxx\\sdf_w25qxxx.h"















 


#line 1 "..\\..\\..\\sources\\gmsi\\.\\hal\\.\\component\\.\\memory\\.\\mal\\.\\sdf_w25qxxx\\..\\app_cfg.h"















 



#line 1 "..\\..\\..\\sources\\gmsi\\.\\hal\\.\\component\\.\\memory\\.\\mal\\.\\sdf_w25qxxx\\..\\..\\app_cfg.h"















 



#line 1 "..\\..\\..\\sources\\gmsi\\.\\hal\\.\\component\\.\\memory\\.\\mal\\.\\sdf_w25qxxx\\..\\..\\..\\app_cfg.h"

















 



#line 1 "..\\..\\..\\sources\\gmsi\\.\\hal\\.\\component\\.\\memory\\.\\mal\\.\\sdf_w25qxxx\\..\\..\\..\\..\\app_cfg.h"















 



#line 21 "..\\..\\..\\sources\\gmsi\\.\\hal\\.\\component\\.\\memory\\.\\mal\\.\\sdf_w25qxxx\\..\\..\\..\\..\\app_cfg.h"

#line 37 "..\\..\\..\\sources\\gmsi\\.\\hal\\.\\component\\.\\memory\\.\\mal\\.\\sdf_w25qxxx\\..\\..\\..\\..\\app_cfg.h"
 
#line 23 "..\\..\\..\\sources\\gmsi\\.\\hal\\.\\component\\.\\memory\\.\\mal\\.\\sdf_w25qxxx\\..\\..\\..\\app_cfg.h"

#line 37 "..\\..\\..\\sources\\gmsi\\.\\hal\\.\\component\\.\\memory\\.\\mal\\.\\sdf_w25qxxx\\..\\..\\..\\app_cfg.h"
 
#line 21 "..\\..\\..\\sources\\gmsi\\.\\hal\\.\\component\\.\\memory\\.\\mal\\.\\sdf_w25qxxx\\..\\..\\app_cfg.h"

#line 37 "..\\..\\..\\sources\\gmsi\\.\\hal\\.\\component\\.\\memory\\.\\mal\\.\\sdf_w25qxxx\\..\\..\\app_cfg.h"
 
#line 21 "..\\..\\..\\sources\\gmsi\\.\\hal\\.\\component\\.\\memory\\.\\mal\\.\\sdf_w25qxxx\\..\\app_cfg.h"

#line 37 "..\\..\\..\\sources\\gmsi\\.\\hal\\.\\component\\.\\memory\\.\\mal\\.\\sdf_w25qxxx\\..\\app_cfg.h"
 
#line 20 "..\\..\\..\\sources\\gmsi\\.\\hal\\.\\component\\.\\memory\\.\\mal\\.\\sdf_w25qxxx\\sdf_w25qxxx.h"




 

#line 79 "..\\..\\..\\sources\\gmsi\\.\\hal\\.\\component\\.\\memory\\.\\mal\\.\\sdf_w25qxxx\\sdf_w25qxxx.h"
 
#line 25 "..\\..\\..\\sources\\gmsi\\.\\hal\\.\\component\\.\\memory\\.\\mal\\mal.h"
#line 1 "..\\..\\..\\sources\\gmsi\\.\\hal\\.\\component\\.\\memory\\.\\mal\\.\\sram\\sram.h"















 


#line 1 "..\\..\\..\\sources\\gmsi\\.\\hal\\.\\component\\.\\memory\\.\\mal\\.\\sram\\..\\app_cfg.h"















 



#line 1 "..\\..\\..\\sources\\gmsi\\.\\hal\\.\\component\\.\\memory\\.\\mal\\.\\sram\\..\\..\\app_cfg.h"















 



#line 1 "..\\..\\..\\sources\\gmsi\\.\\hal\\.\\component\\.\\memory\\.\\mal\\.\\sram\\..\\..\\..\\app_cfg.h"

















 



#line 1 "..\\..\\..\\sources\\gmsi\\.\\hal\\.\\component\\.\\memory\\.\\mal\\.\\sram\\..\\..\\..\\..\\app_cfg.h"















 



#line 21 "..\\..\\..\\sources\\gmsi\\.\\hal\\.\\component\\.\\memory\\.\\mal\\.\\sram\\..\\..\\..\\..\\app_cfg.h"

#line 37 "..\\..\\..\\sources\\gmsi\\.\\hal\\.\\component\\.\\memory\\.\\mal\\.\\sram\\..\\..\\..\\..\\app_cfg.h"
 
#line 23 "..\\..\\..\\sources\\gmsi\\.\\hal\\.\\component\\.\\memory\\.\\mal\\.\\sram\\..\\..\\..\\app_cfg.h"

#line 37 "..\\..\\..\\sources\\gmsi\\.\\hal\\.\\component\\.\\memory\\.\\mal\\.\\sram\\..\\..\\..\\app_cfg.h"
 
#line 21 "..\\..\\..\\sources\\gmsi\\.\\hal\\.\\component\\.\\memory\\.\\mal\\.\\sram\\..\\..\\app_cfg.h"

#line 37 "..\\..\\..\\sources\\gmsi\\.\\hal\\.\\component\\.\\memory\\.\\mal\\.\\sram\\..\\..\\app_cfg.h"
 
#line 21 "..\\..\\..\\sources\\gmsi\\.\\hal\\.\\component\\.\\memory\\.\\mal\\.\\sram\\..\\app_cfg.h"

#line 37 "..\\..\\..\\sources\\gmsi\\.\\hal\\.\\component\\.\\memory\\.\\mal\\.\\sram\\..\\app_cfg.h"
 
#line 20 "..\\..\\..\\sources\\gmsi\\.\\hal\\.\\component\\.\\memory\\.\\mal\\.\\sram\\sram.h"




 



 



 
 
 
 
 


extern const i_mem_t I_SDF_SRAM;



extern union { __mem_t __SRAM; mem_t; }SRAM;;



 
#line 26 "..\\..\\..\\sources\\gmsi\\.\\hal\\.\\component\\.\\memory\\.\\mal\\mal.h"

 



 
 
 
 
 





   
extern _Bool mal_init( void );







 
extern fsm_rt_t mal_mem_read( mem_t *ptMEM, 
     uint_fast16_t hwAddress, uint8_t *pchStream, uint_fast16_t hwSize );







 
extern fsm_rt_t mal_mem_write( mem_t *ptMEM, 
     uint_fast16_t hwAddress, uint8_t *pchStream, uint_fast16_t hwSize );


 
#line 24 "..\\..\\..\\sources\\gmsi\\.\\hal\\.\\component\\.\\memory\\memory.h"

 
 
 
 
 
 



 
#line 25 "..\\..\\..\\sources\\gmsi\\.\\hal\\.\\component\\component.h"
#line 1 "..\\..\\..\\sources\\gmsi\\.\\hal\\.\\component\\.\\bootloader\\bootloader.h"















 




 
#line 1 "..\\..\\..\\sources\\gmsi\\.\\hal\\.\\component\\.\\bootloader\\.\\app_cfg.h"















 



#line 1 "..\\..\\..\\sources\\gmsi\\.\\hal\\.\\component\\.\\bootloader\\.\\..\\app_cfg.h"

















 



#line 1 "..\\..\\..\\sources\\gmsi\\.\\hal\\.\\component\\.\\bootloader\\.\\..\\..\\app_cfg.h"















 



#line 21 "..\\..\\..\\sources\\gmsi\\.\\hal\\.\\component\\.\\bootloader\\.\\..\\..\\app_cfg.h"

#line 37 "..\\..\\..\\sources\\gmsi\\.\\hal\\.\\component\\.\\bootloader\\.\\..\\..\\app_cfg.h"
 
#line 23 "..\\..\\..\\sources\\gmsi\\.\\hal\\.\\component\\.\\bootloader\\.\\..\\app_cfg.h"

#line 37 "..\\..\\..\\sources\\gmsi\\.\\hal\\.\\component\\.\\bootloader\\.\\..\\app_cfg.h"
 
#line 21 "..\\..\\..\\sources\\gmsi\\.\\hal\\.\\component\\.\\bootloader\\.\\app_cfg.h"




 


 
 
 
 
 
 



 
#line 23 "..\\..\\..\\sources\\gmsi\\.\\hal\\.\\component\\.\\bootloader\\bootloader.h"

#line 46 "..\\..\\..\\sources\\gmsi\\.\\hal\\.\\component\\.\\bootloader\\bootloader.h"
 
#line 26 "..\\..\\..\\sources\\gmsi\\.\\hal\\.\\component\\component.h"
#line 1 "..\\..\\..\\sources\\gmsi\\.\\hal\\.\\component\\.\\sw_sdio\\sw_sdio.h"















 




 
#line 1 "..\\..\\..\\sources\\gmsi\\.\\hal\\.\\component\\.\\sw_sdio\\.\\app_cfg.h"















 



#line 1 "..\\..\\..\\sources\\gmsi\\.\\hal\\.\\component\\.\\sw_sdio\\.\\..\\app_cfg.h"

















 



#line 1 "..\\..\\..\\sources\\gmsi\\.\\hal\\.\\component\\.\\sw_sdio\\.\\..\\..\\app_cfg.h"















 



#line 21 "..\\..\\..\\sources\\gmsi\\.\\hal\\.\\component\\.\\sw_sdio\\.\\..\\..\\app_cfg.h"

#line 37 "..\\..\\..\\sources\\gmsi\\.\\hal\\.\\component\\.\\sw_sdio\\.\\..\\..\\app_cfg.h"
 
#line 23 "..\\..\\..\\sources\\gmsi\\.\\hal\\.\\component\\.\\sw_sdio\\.\\..\\app_cfg.h"

#line 37 "..\\..\\..\\sources\\gmsi\\.\\hal\\.\\component\\.\\sw_sdio\\.\\..\\app_cfg.h"
 
#line 21 "..\\..\\..\\sources\\gmsi\\.\\hal\\.\\component\\.\\sw_sdio\\.\\app_cfg.h"




 
 
 
 
 
 
 

 
#line 23 "..\\..\\..\\sources\\gmsi\\.\\hal\\.\\component\\.\\sw_sdio\\sw_sdio.h"

#line 129 "..\\..\\..\\sources\\gmsi\\.\\hal\\.\\component\\.\\sw_sdio\\sw_sdio.h"


 
#line 27 "..\\..\\..\\sources\\gmsi\\.\\hal\\.\\component\\component.h"

 
 
 
 
 
 




   
extern _Bool component_init( void );


 
#line 24 "..\\..\\..\\sources\\gmsi\\.\\hal\\hal.h"
#line 1 "..\\..\\..\\sources\\gmsi\\.\\hal\\.\\bsp\\bsp.h"















 




 
#line 1 "..\\..\\..\\sources\\gmsi\\.\\hal\\.\\bsp\\.\\app_cfg.h"















 



#line 1 "..\\..\\..\\sources\\gmsi\\.\\hal\\.\\bsp\\.\\..\\app_cfg.h"















 



#line 21 "..\\..\\..\\sources\\gmsi\\.\\hal\\.\\bsp\\.\\..\\app_cfg.h"

#line 37 "..\\..\\..\\sources\\gmsi\\.\\hal\\.\\bsp\\.\\..\\app_cfg.h"
 
#line 21 "..\\..\\..\\sources\\gmsi\\.\\hal\\.\\bsp\\.\\app_cfg.h"




 


 
 
 
 
 
 



 
#line 23 "..\\..\\..\\sources\\gmsi\\.\\hal\\.\\bsp\\bsp.h"

 
 
 
 
 
 




   
extern _Bool bsp_init( void );


 
#line 25 "..\\..\\..\\sources\\gmsi\\.\\hal\\hal.h"

 
 
 
 
 
 






   
extern _Bool hal_init( void );


 
#line 25 "..\\..\\..\\sources\\gmsi\\gmsi.h"
#line 1 "..\\..\\..\\sources\\gmsi\\.\\service\\service.h"















 






 
#line 1 "..\\..\\..\\sources\\gmsi\\.\\service\\.\\app_cfg.h"















 


#line 20 "..\\..\\..\\sources\\gmsi\\.\\service\\.\\app_cfg.h"




 


 
 
 
 
 
 






#line 25 "..\\..\\..\\sources\\gmsi\\.\\service\\service.h"
#line 1 "..\\..\\..\\sources\\gmsi\\.\\service\\.\\scheduler\\scheduler.h"















 




 
#line 1 "..\\..\\..\\sources\\gmsi\\.\\service\\.\\scheduler\\.\\app_cfg.h"















 


#line 1 "..\\..\\..\\sources\\gmsi\\.\\service\\.\\scheduler\\.\\..\\app_cfg.h"















 


#line 20 "..\\..\\..\\sources\\gmsi\\.\\service\\.\\scheduler\\.\\..\\app_cfg.h"

#line 20 "..\\..\\..\\sources\\gmsi\\.\\service\\.\\scheduler\\.\\app_cfg.h"




 


 
 
 
 
 
 



 
#line 23 "..\\..\\..\\sources\\gmsi\\.\\service\\.\\scheduler\\scheduler.h"

#line 504 "..\\..\\..\\sources\\gmsi\\.\\service\\.\\scheduler\\scheduler.h"
 
#line 26 "..\\..\\..\\sources\\gmsi\\.\\service\\service.h"
#line 1 "..\\..\\..\\sources\\gmsi\\.\\service\\.\\communication\\communication.h"

















 




 
#line 1 "..\\..\\..\\sources\\gmsi\\.\\service\\.\\communication\\.\\app_cfg.h"

















 


#line 1 "..\\..\\..\\sources\\gmsi\\.\\service\\.\\communication\\.\\..\\app_cfg.h"















 


#line 20 "..\\..\\..\\sources\\gmsi\\.\\service\\.\\communication\\.\\..\\app_cfg.h"

#line 22 "..\\..\\..\\sources\\gmsi\\.\\service\\.\\communication\\.\\app_cfg.h"




 


 
 
 
 
 
 






#line 25 "..\\..\\..\\sources\\gmsi\\.\\service\\.\\communication\\communication.h"
#line 1 "..\\..\\..\\sources\\gmsi\\.\\service\\.\\communication\\.\\frame\\frame.h"















 




 
#line 1 "..\\..\\..\\sources\\gmsi\\.\\service\\.\\communication\\.\\frame\\.\\app_cfg.h"















 


#line 1 "..\\..\\..\\sources\\gmsi\\.\\service\\.\\communication\\.\\frame\\.\\..\\app_cfg.h"

















 


#line 1 "..\\..\\..\\sources\\gmsi\\.\\service\\.\\communication\\.\\frame\\.\\..\\..\\app_cfg.h"















 


#line 20 "..\\..\\..\\sources\\gmsi\\.\\service\\.\\communication\\.\\frame\\.\\..\\..\\app_cfg.h"

#line 22 "..\\..\\..\\sources\\gmsi\\.\\service\\.\\communication\\.\\frame\\.\\..\\app_cfg.h"

#line 20 "..\\..\\..\\sources\\gmsi\\.\\service\\.\\communication\\.\\frame\\.\\app_cfg.h"




 


 
 
 
 
 
 






#line 23 "..\\..\\..\\sources\\gmsi\\.\\service\\.\\communication\\.\\frame\\frame.h"
#line 1 "..\\..\\..\\sources\\gmsi\\.\\service\\.\\communication\\.\\frame\\.\\es_simple_frame\\es_simple_frame.h"















 






 
#line 1 "..\\..\\..\\sources\\gmsi\\.\\service\\.\\communication\\.\\frame\\.\\es_simple_frame\\.\\app_cfg.h"















 


#line 1 "..\\..\\..\\sources\\gmsi\\.\\service\\.\\communication\\.\\frame\\.\\es_simple_frame\\.\\..\\app_cfg.h"















 


#line 1 "..\\..\\..\\sources\\gmsi\\.\\service\\.\\communication\\.\\frame\\.\\es_simple_frame\\.\\..\\..\\app_cfg.h"

















 


#line 1 "..\\..\\..\\sources\\gmsi\\.\\service\\.\\communication\\.\\frame\\.\\es_simple_frame\\.\\..\\..\\..\\app_cfg.h"















 


#line 20 "..\\..\\..\\sources\\gmsi\\.\\service\\.\\communication\\.\\frame\\.\\es_simple_frame\\.\\..\\..\\..\\app_cfg.h"

#line 22 "..\\..\\..\\sources\\gmsi\\.\\service\\.\\communication\\.\\frame\\.\\es_simple_frame\\.\\..\\..\\app_cfg.h"

#line 20 "..\\..\\..\\sources\\gmsi\\.\\service\\.\\communication\\.\\frame\\.\\es_simple_frame\\.\\..\\app_cfg.h"

#line 20 "..\\..\\..\\sources\\gmsi\\.\\service\\.\\communication\\.\\frame\\.\\es_simple_frame\\.\\app_cfg.h"




 


 
 
 
 
 
 






#line 25 "..\\..\\..\\sources\\gmsi\\.\\service\\.\\communication\\.\\frame\\.\\es_simple_frame\\es_simple_frame.h"
#line 1 "..\\..\\..\\sources\\gmsi\\.\\service\\.\\communication\\.\\frame\\.\\es_simple_frame\\..\\iframe.h"















 




 
#line 1 "..\\..\\..\\sources\\gmsi\\.\\service\\.\\communication\\.\\frame\\.\\es_simple_frame\\..\\.\\app_cfg.h"















 


#line 1 "..\\..\\..\\sources\\gmsi\\.\\service\\.\\communication\\.\\frame\\.\\es_simple_frame\\..\\.\\..\\app_cfg.h"

















 


#line 1 "..\\..\\..\\sources\\gmsi\\.\\service\\.\\communication\\.\\frame\\.\\es_simple_frame\\..\\.\\..\\..\\app_cfg.h"















 


#line 20 "..\\..\\..\\sources\\gmsi\\.\\service\\.\\communication\\.\\frame\\.\\es_simple_frame\\..\\.\\..\\..\\app_cfg.h"

#line 22 "..\\..\\..\\sources\\gmsi\\.\\service\\.\\communication\\.\\frame\\.\\es_simple_frame\\..\\.\\..\\app_cfg.h"

#line 20 "..\\..\\..\\sources\\gmsi\\.\\service\\.\\communication\\.\\frame\\.\\es_simple_frame\\..\\.\\app_cfg.h"

#line 23 "..\\..\\..\\sources\\gmsi\\.\\service\\.\\communication\\.\\frame\\.\\es_simple_frame\\..\\iframe.h"

 
 
 


typedef uint_fast16_t frame_parser_t(uint8_t *pchStream, uint_fast16_t hwSize);

 
 
 

 


#line 26 "..\\..\\..\\sources\\gmsi\\.\\service\\.\\communication\\.\\frame\\.\\es_simple_frame\\es_simple_frame.h"


 
 










 
typedef union es_simple_frame_t es_simple_frame_t;


union es_simple_frame_t {  uint_fast8_t es_simple_frame_t__chMask[(sizeof(struct{ 
    i_byte_pipe_t *ptPipe;          
    frame_parser_t *fnParser;       
    
    uint8_t chStatus;
    uint8_t *pchBuffer;
    uint16_t hwSize;
    uint16_t hwLength;
    uint16_t hwCounter;
    uint16_t hwCheckSUM;

}) + sizeof(uint_fast8_t) - 1) / sizeof(uint_fast8_t)]; };




typedef struct {
    i_byte_pipe_t   *ptPipe; 
    uint8_t         *pchBuffer;
    uint_fast16_t   hwSize;
    frame_parser_t  *fnParser;
}es_simple_frame_cfg_t;




typedef struct i_es_simple_frame_t i_es_simple_frame_t;  struct i_es_simple_frame_t {
    _Bool (*Init)(es_simple_frame_t *ptFrame, es_simple_frame_cfg_t *ptCFG);
    fsm_rt_t (*Task)(es_simple_frame_t *ptFrame);
};




 
extern const i_es_simple_frame_t ES_SIMPLE_FRAME;

 
 







 
extern _Bool es_simple_frame_init(  
    es_simple_frame_t *ptFrame, es_simple_frame_cfg_t *ptCFG);




 
extern fsm_rt_t es_simple_frame_task(es_simple_frame_t *ptFrame);





#line 24 "..\\..\\..\\sources\\gmsi\\.\\service\\.\\communication\\.\\frame\\frame.h"

 
 
 
 
 
 

 


#line 26 "..\\..\\..\\sources\\gmsi\\.\\service\\.\\communication\\communication.h"

#line 1 "..\\..\\..\\sources\\gmsi\\.\\service\\.\\communication\\.\\crc\\crc.h"















 




 
#line 1 "..\\..\\..\\sources\\gmsi\\.\\service\\.\\communication\\.\\crc\\.\\app_cfg.h"

















 



#line 1 "..\\..\\..\\sources\\gmsi\\.\\service\\.\\communication\\.\\crc\\.\\..\\app_cfg.h"

















 


#line 1 "..\\..\\..\\sources\\gmsi\\.\\service\\.\\communication\\.\\crc\\.\\..\\..\\app_cfg.h"















 


#line 20 "..\\..\\..\\sources\\gmsi\\.\\service\\.\\communication\\.\\crc\\.\\..\\..\\app_cfg.h"

#line 22 "..\\..\\..\\sources\\gmsi\\.\\service\\.\\communication\\.\\crc\\.\\..\\app_cfg.h"

#line 23 "..\\..\\..\\sources\\gmsi\\.\\service\\.\\communication\\.\\crc\\.\\app_cfg.h"




 


 
 
 
 
 
 


 
#line 23 "..\\..\\..\\sources\\gmsi\\.\\service\\.\\communication\\.\\crc\\crc.h"

 















 





 
 
 
 
 











 
extern uint8_t crc7_stream_check( uint8_t  *pchCRCValue, 
                                  uint8_t  *pchData, 
                                  uint32_t wLength );









 
extern uint8_t crc7_check(uint8_t *pchCRCValue, uint8_t chData);





 
extern uint16_t crc16_check(uint16_t *pwCRCValue,uint8_t chData);





 
extern uint8_t crc8_check(uint8_t *pchCRCValue, uint8_t chByte);











 
extern uint8_t crc8_stream_check( uint8_t  *pchCRCValue, 
                                  uint8_t  *pchData, 
                                  uint32_t wLength );











 
extern uint8_t crc8_check(uint8_t *pchCRCValue, uint8_t chData);












 
extern uint8_t crc8_rohc_stream_check( uint8_t  *pchCRCValue, 
                                       uint8_t  *pchData,
                                       uint32_t wLength );











 
extern uint8_t crc8_rohc_check(uint8_t *pchCRCValue, uint8_t chData);












 
extern uint16_t crc16_ccitt_false_stream_check( uint16_t *phwCRCValue, 
                                                uint8_t  *pchData, 
                                                uint32_t wLength );
                                         










 
extern uint16_t crc16_ccitt_false_check(uint16_t *phwCRCValue, uint8_t chData);












 
extern uint16_t crc16_usb_stream_check( uint16_t *phwCRCValue, 
                                        uint8_t  *pchData, 
                                        uint32_t wLength );











 
extern uint16_t crc16_usb_check(uint16_t *phwCRCValue, uint8_t chData);












 
extern uint16_t crc16_modbus_stream_check( uint16_t *phwCRCValue, 
                                           uint8_t  *pchData, 
                                           uint32_t wLength );










 
extern uint16_t crc16_modbus_check(uint16_t *phwCRCValue, uint8_t chData);











 
extern uint16_t crc16_modem_stream_check( uint16_t *phwCRCValue, 
                                          uint8_t *pchData, 
                                          uint32_t wLength );











 
extern uint16_t crc16_modem_check(uint16_t *phwCRCValue, uint8_t chData);











 
extern uint32_t crc32_ieee802_3_stream_check( uint32_t *pwCRCValue, 
                                              uint8_t  *pchData, 
                                              uint32_t wLength );










 
extern uint32_t crc32_ieee802_3_check(uint32_t *pwCRCValue, uint8_t chData);












 
extern uint32_t crc32_stream_check( uint32_t *pwCRCValue, 
                                    uint8_t  *pchData, 
                                    uint32_t wLength );










 
extern uint32_t crc32_check(uint32_t *pwCRCValue, uint8_t chData);





 
#line 28 "..\\..\\..\\sources\\gmsi\\.\\service\\.\\communication\\communication.h"

 
 
 
 
 
 


#line 27 "..\\..\\..\\sources\\gmsi\\.\\service\\service.h"
#line 1 "..\\..\\..\\sources\\gmsi\\.\\service\\.\\encryption\\encryption.h"















 




 
#line 1 "..\\..\\..\\sources\\gmsi\\.\\service\\.\\encryption\\.\\app_cfg.h"















 


#line 1 "..\\..\\..\\sources\\gmsi\\.\\service\\.\\encryption\\.\\..\\app_cfg.h"















 


#line 20 "..\\..\\..\\sources\\gmsi\\.\\service\\.\\encryption\\.\\..\\app_cfg.h"

#line 20 "..\\..\\..\\sources\\gmsi\\.\\service\\.\\encryption\\.\\app_cfg.h"




 


 
 
 
 
 
 





  
    





 
#line 23 "..\\..\\..\\sources\\gmsi\\.\\service\\.\\encryption\\encryption.h"
#line 1 "..\\..\\..\\sources\\gmsi\\.\\service\\.\\encryption\\.\\random\\random.h"















 




 
#line 1 "..\\..\\..\\sources\\gmsi\\.\\service\\.\\encryption\\.\\random\\.\\app_cfg.h"















 


#line 1 "..\\..\\..\\sources\\gmsi\\.\\service\\.\\encryption\\.\\random\\.\\..\\app_cfg.h"















 


#line 1 "..\\..\\..\\sources\\gmsi\\.\\service\\.\\encryption\\.\\random\\.\\..\\..\\app_cfg.h"















 


#line 20 "..\\..\\..\\sources\\gmsi\\.\\service\\.\\encryption\\.\\random\\.\\..\\..\\app_cfg.h"

#line 20 "..\\..\\..\\sources\\gmsi\\.\\service\\.\\encryption\\.\\random\\.\\..\\app_cfg.h"

#line 45 "..\\..\\..\\sources\\gmsi\\.\\service\\.\\encryption\\.\\random\\.\\..\\app_cfg.h"
 
#line 20 "..\\..\\..\\sources\\gmsi\\.\\service\\.\\encryption\\.\\random\\.\\app_cfg.h"




 


 
 
 
 
 
 




  
    





 
#line 23 "..\\..\\..\\sources\\gmsi\\.\\service\\.\\encryption\\.\\random\\random.h"

 
 




 


 
 
 
 




 
extern void set_random_seed( uint16_t hwSeed );




 
extern void reset_random( void );




 
extern uint16_t get_random_u16( void );


 
#line 24 "..\\..\\..\\sources\\gmsi\\.\\service\\.\\encryption\\encryption.h"

 
 
 
 
 
 


 

#line 28 "..\\..\\..\\sources\\gmsi\\.\\service\\service.h"
#line 1 "..\\..\\..\\sources\\gmsi\\.\\service\\.\\memory\\memory.h"















 




 
#line 1 "..\\..\\..\\sources\\gmsi\\.\\service\\.\\memory\\.\\app_cfg.h"















 


#line 1 "..\\..\\..\\sources\\gmsi\\.\\service\\.\\memory\\.\\..\\app_cfg.h"















 


#line 20 "..\\..\\..\\sources\\gmsi\\.\\service\\.\\memory\\.\\..\\app_cfg.h"

#line 20 "..\\..\\..\\sources\\gmsi\\.\\service\\.\\memory\\.\\app_cfg.h"




 


 
 
 
 
 
 






#line 23 "..\\..\\..\\sources\\gmsi\\.\\service\\.\\memory\\memory.h"
#line 1 "..\\..\\..\\sources\\gmsi\\.\\service\\.\\memory\\.\\epool\\epool.h"















 




 
#line 1 "..\\..\\..\\sources\\gmsi\\.\\service\\.\\memory\\.\\epool\\.\\app_cfg.h"















 



#line 1 "..\\..\\..\\sources\\gmsi\\.\\service\\.\\memory\\.\\epool\\.\\..\\app_cfg.h"















 


#line 1 "..\\..\\..\\sources\\gmsi\\.\\service\\.\\memory\\.\\epool\\.\\..\\..\\app_cfg.h"















 


#line 20 "..\\..\\..\\sources\\gmsi\\.\\service\\.\\memory\\.\\epool\\.\\..\\..\\app_cfg.h"

#line 20 "..\\..\\..\\sources\\gmsi\\.\\service\\.\\memory\\.\\epool\\.\\..\\app_cfg.h"

#line 21 "..\\..\\..\\sources\\gmsi\\.\\service\\.\\memory\\.\\epool\\.\\app_cfg.h"




 
 
 
 
 
 



 
#line 23 "..\\..\\..\\sources\\gmsi\\.\\service\\.\\memory\\.\\epool\\epool.h"

 







 























#line 124 "..\\..\\..\\sources\\gmsi\\.\\service\\.\\memory\\.\\epool\\epool.h"
 
typedef union pool_t pool_t;
union pool_t {  uint_fast8_t pool_t__chMask[(sizeof(struct{ 
    __single_list_node_t    *ptFreeList;
    uint_fast16_t           tCounter;
    _Bool      tMutex;
}) + sizeof(uint_fast8_t) - 1) / sizeof(uint_fast8_t)]; };

typedef void pool_item_init_event_handler_t(void *pItem, uint_fast16_t hwItemSize);

 
 
 

extern _Bool pool_init(pool_t *ptPool);
extern _Bool pool_add_heap(pool_t *ptPool, void *ptBuffer,
                   uint16_t tPoolSize, uint16_t hwItemSize);
extern _Bool pool_add_heap_ex( pool_t *ptPool, 
                    void *ptBuffer,
                    uint16_t hwPoolSize, 
                    uint16_t hwItemSize,
                    pool_item_init_event_handler_t *fnHandler);
extern void *pool_new(pool_t *ptPool);
extern void pool_free(pool_t *ptPool, void *ptItem);
extern uint16_t pool_get_item_count_allocated(pool_t *ptPool);
extern _Bool *pool_get_mutex(pool_t *ptPool);


#line 24 "..\\..\\..\\sources\\gmsi\\.\\service\\.\\memory\\memory.h"
#line 1 "..\\..\\..\\sources\\gmsi\\.\\service\\.\\memory\\.\\stream2block\\stream2block.h"















 




 
#line 1 "..\\..\\..\\sources\\gmsi\\.\\service\\.\\memory\\.\\stream2block\\.\\app_cfg.h"















 


#line 1 "..\\..\\..\\sources\\gmsi\\.\\service\\.\\memory\\.\\stream2block\\.\\..\\app_cfg.h"















 


#line 1 "..\\..\\..\\sources\\gmsi\\.\\service\\.\\memory\\.\\stream2block\\.\\..\\..\\app_cfg.h"















 


#line 20 "..\\..\\..\\sources\\gmsi\\.\\service\\.\\memory\\.\\stream2block\\.\\..\\..\\app_cfg.h"

#line 20 "..\\..\\..\\sources\\gmsi\\.\\service\\.\\memory\\.\\stream2block\\.\\..\\app_cfg.h"

#line 20 "..\\..\\..\\sources\\gmsi\\.\\service\\.\\memory\\.\\stream2block\\.\\app_cfg.h"




 


 
 
 
 
 
 
 


 
#line 23 "..\\..\\..\\sources\\gmsi\\.\\service\\.\\memory\\.\\stream2block\\stream2block.h"

#line 26 "..\\..\\..\\sources\\gmsi\\.\\service\\.\\memory\\.\\stream2block\\stream2block.h"

 
 


#line 38 "..\\..\\..\\sources\\gmsi\\.\\service\\.\\memory\\.\\stream2block\\stream2block.h"


        


#line 109 "..\\..\\..\\sources\\gmsi\\.\\service\\.\\memory\\.\\stream2block\\stream2block.h"

 



typedef union stream_buffer_block_t stream_buffer_block_t;
union stream_buffer_block_t {  uint_fast8_t stream_buffer_block_t__chMask[(sizeof(struct{ 
    union { __single_list_node_t base____single_list_node_t; __single_list_node_t; };
    uint32_t wBlockSize;
    union {
        uint32_t wSize;                                 
        uint32_t wBuffer;
    };
}) + sizeof(uint_fast8_t) - 1) / sizeof(uint_fast8_t)]; };



typedef union StreamBufferBlock_pool_item_t StreamBufferBlock_pool_item_t; union StreamBufferBlock_pool_item_t {  uint_fast8_t StreamBufferBlock_pool_item_t__chMask[(sizeof(struct{  union { union { __single_list_node_t base____single_list_node_t; __single_list_node_t; }; stream_buffer_block_t tMem; }; }) + sizeof(uint_fast8_t) - 1) / sizeof(uint_fast8_t)]; }; typedef union StreamBufferBlock_pool_t StreamBufferBlock_pool_t; union StreamBufferBlock_pool_t {  uint_fast8_t StreamBufferBlock_pool_t__chMask[(sizeof(struct{  union { pool_t base__pool_t; pool_t; }; }) + sizeof(uint_fast8_t) - 1) / sizeof(uint_fast8_t)]; }; extern _Bool StreamBufferBlock_pool_init(StreamBufferBlock_pool_t *ptPool); extern _Bool StreamBufferBlock_pool_add_heap( StreamBufferBlock_pool_t *ptPool, StreamBufferBlock_pool_item_t *ptBuffer, uint16_t tSize); extern stream_buffer_block_t *StreamBufferBlock_pool_new(StreamBufferBlock_pool_t *ptPool); extern void StreamBufferBlock_pool_free(StreamBufferBlock_pool_t *ptPool, stream_buffer_block_t *ptItem); extern uint16_t StreamBufferBlock_get_pool_item_count_allocated(StreamBufferBlock_pool_t *ptPool);extern _Bool *StreamBufferBlock_pool_mutex(StreamBufferBlock_pool_t *ptPool);




typedef union StreamBufferQueue_queue_t StreamBufferQueue_queue_t; union StreamBufferQueue_queue_t {  uint_fast8_t StreamBufferQueue_queue_t__chMask[(sizeof(struct{  uint8_t *ptBuffer; uint_fast16_t tSize; uint_fast16_t tHead; uint_fast16_t tTail; uint_fast16_t tCounter; uint_fast16_t tPeek; uint_fast16_t tPeekCounter; _Bool tMutex; }) + sizeof(uint_fast8_t) - 1) / sizeof(uint_fast8_t)]; }; extern _Bool *StreamBufferQueue_queue_mutex(StreamBufferQueue_queue_t *ptQueue); extern _Bool StreamBufferQueue_queue_init( StreamBufferQueue_queue_t *ptQueue, uint8_t *ptBuffer, uint_fast16_t tSize); extern _Bool StreamBufferQueue_enqueue(StreamBufferQueue_queue_t *ptQueue, uint8_t tObj); extern _Bool StreamBufferQueue_queue_peek(StreamBufferQueue_queue_t *ptQueue, uint8_t *ptObj); extern _Bool StreamBufferQueue_dequeue(StreamBufferQueue_queue_t *ptQueue, uint8_t *ptObj); extern uint8_t * StreamBufferQueue_dequeue_ref(StreamBufferQueue_queue_t *ptQueue); extern void StreamBufferQueue_get_all_peeked(StreamBufferQueue_queue_t *ptQueue); extern void StreamBufferQueue_reset_peek(StreamBufferQueue_queue_t *ptQueue); extern uint_fast16_t StreamBufferQueue_get_queue_item_count(StreamBufferQueue_queue_t *ptQueue); extern uint_fast16_t StreamBufferQueue_get_queue_item_available_count( StreamBufferQueue_queue_t *ptQueue); extern uint8_t * StreamBufferQueue_get_queue_buffer(StreamBufferQueue_queue_t *ptQueue);
    




typedef union stream_buffer_t stream_buffer_t;

typedef void stream_buffer_req_transaction_event_t(stream_buffer_t *ptThis);






union stream_buffer_t { struct { union { pool_t base__pool_t; pool_t; }; union { StreamBufferQueue_queue_t base__StreamBufferQueue_queue_t; StreamBufferQueue_queue_t; }; }; uint_fast8_t stream_buffer_t__chMask[(sizeof(struct{ struct { union { pool_t base__pool_t; pool_t; }; union { StreamBufferQueue_queue_t base__StreamBufferQueue_queue_t; StreamBufferQueue_queue_t; }; }; 

    _Bool                                    bIsOutput;                  
    _Bool                                    bIsQueueInitialised;        
    stream_buffer_block_t                  *ptListHead;                 
    stream_buffer_block_t                  *ptListTail;                 
    stream_buffer_block_t                  *ptUsedByQueue;              
    stream_buffer_block_t                  *ptUsedByOutside;            
    stream_buffer_req_transaction_event_t  *fnRequestTransfer;                

}) + sizeof(uint_fast8_t) - 1) / sizeof(uint_fast8_t)]; };


typedef struct {
    enum {
        INPUT_STREAM = 0,
        OUTPUT_STREAM
    } tDirection;
    
    stream_buffer_req_transaction_event_t   *fnRequestTransfer;
    
}stream_buffer_cfg_t;

typedef struct i_stream_buffer_t i_stream_buffer_t;  struct i_stream_buffer_t {

    _Bool (*Init)(stream_buffer_t *, stream_buffer_cfg_t *);
    _Bool (*AddBuffer)(stream_buffer_t *, void *, uint_fast16_t , uint_fast16_t );
        
    struct {
        _Bool (*Read)(stream_buffer_t *, uint8_t);
        _Bool (*Write)(stream_buffer_t *, uint8_t);
        void (*Flush)(stream_buffer_t *ptObj);
    } Stream;
    
    struct {
        void *(*Exchange)(stream_buffer_t *, void *);
    } Block;

};
    
    
















 

 
    
extern const i_stream_buffer_t STREAM_BUFFER;    

 






 
#line 25 "..\\..\\..\\sources\\gmsi\\.\\service\\.\\memory\\memory.h"

 
 
 
 
 
 



#line 29 "..\\..\\..\\sources\\gmsi\\.\\service\\service.h"
#line 1 "..\\..\\..\\sources\\gmsi\\.\\service\\.\\gui\\gui.h"















 




 
#line 1 "..\\..\\..\\sources\\gmsi\\.\\service\\.\\gui\\.\\app_cfg.h"















 


#line 1 "..\\..\\..\\sources\\gmsi\\.\\service\\.\\gui\\.\\..\\app_cfg.h"















 


#line 20 "..\\..\\..\\sources\\gmsi\\.\\service\\.\\gui\\.\\..\\app_cfg.h"

#line 20 "..\\..\\..\\sources\\gmsi\\.\\service\\.\\gui\\.\\app_cfg.h"




 


 
 
 
 
 
 
 


 
#line 23 "..\\..\\..\\sources\\gmsi\\.\\service\\.\\gui\\gui.h"
#line 1 "..\\..\\..\\sources\\gmsi\\.\\service\\.\\gui\\.\\tgui\\tgui.h"















 




 
#line 1 "..\\..\\..\\sources\\gmsi\\.\\service\\.\\gui\\.\\tgui\\.\\app_cfg.h"















 


#line 1 "..\\..\\..\\sources\\gmsi\\.\\service\\.\\gui\\.\\tgui\\.\\..\\app_cfg.h"















 


#line 1 "..\\..\\..\\sources\\gmsi\\.\\service\\.\\gui\\.\\tgui\\.\\..\\..\\app_cfg.h"















 


#line 20 "..\\..\\..\\sources\\gmsi\\.\\service\\.\\gui\\.\\tgui\\.\\..\\..\\app_cfg.h"

#line 20 "..\\..\\..\\sources\\gmsi\\.\\service\\.\\gui\\.\\tgui\\.\\..\\app_cfg.h"

#line 36 "..\\..\\..\\sources\\gmsi\\.\\service\\.\\gui\\.\\tgui\\.\\..\\app_cfg.h"
 
#line 20 "..\\..\\..\\sources\\gmsi\\.\\service\\.\\gui\\.\\tgui\\.\\app_cfg.h"




 


 
 
 
 
 
 
 


 
#line 23 "..\\..\\..\\sources\\gmsi\\.\\service\\.\\gui\\.\\tgui\\tgui.h"

#line 37 "..\\..\\..\\sources\\gmsi\\.\\service\\.\\gui\\.\\tgui\\tgui.h"
 
#line 24 "..\\..\\..\\sources\\gmsi\\.\\service\\.\\gui\\gui.h"

 
 
 
 
 
 



 
#line 30 "..\\..\\..\\sources\\gmsi\\.\\service\\service.h"

 
 
 
 
 
 





 
extern _Bool service_init(void);




#line 26 "..\\..\\..\\sources\\gmsi\\gmsi.h"

 







 
 
 



extern const struct {
    uint8_t chPurpose;          
    uint8_t chInterface;        
    uint8_t chMajor;            
    uint8_t chMinor;            
} GMSIVersion;


 






 
extern _Bool platform_init( void );

#line 21 "..\\..\\Blinky.c"

typedef union STREAM_OUT_stream_buffer_block_t STREAM_OUT_stream_buffer_block_t; typedef struct __STREAM_OUT_stream_buffer_block_t __STREAM_OUT_stream_buffer_block_t; struct __STREAM_OUT_stream_buffer_block_t { union { stream_buffer_block_t base__stream_buffer_block_t; stream_buffer_block_t; }; uint8_t chBuffer[(16)]; }; union STREAM_OUT_stream_buffer_block_t { union { stream_buffer_block_t base__stream_buffer_block_t; stream_buffer_block_t; }; uint_fast8_t STREAM_OUT_stream_buffer_block_t__chMask[(sizeof(__STREAM_OUT_stream_buffer_block_t) + sizeof(uint_fast8_t) - 1) / sizeof(uint_fast8_t)]; }; typedef struct { uint32_t wSize; uint8_t chBuffer[(16)]; } STREAM_OUT_block_t; __attribute__( ( section( ".bss.noinit"),zero_init) ) static stream_buffer_t s_tSTREAM_OUTStreamBuffer; static _Bool STREAM_OUT_stream_buffer_init(stream_buffer_cfg_t *ptCFG) { return STREAM_BUFFER . Init(&s_tSTREAM_OUTStreamBuffer, ptCFG); } static _Bool STREAM_OUT_stream_add_buffer(void *pBuffer, uint_fast16_t hwSize) { return STREAM_BUFFER . AddBuffer( &s_tSTREAM_OUTStreamBuffer, pBuffer, hwSize, sizeof(STREAM_OUT_stream_buffer_block_t)); } static _Bool STREAM_OUT_stream_write(uint8_t chData) { return STREAM_BUFFER . Stream . Write(&s_tSTREAM_OUTStreamBuffer, chData); } static void STREAM_OUT_stream_flush(void) { STREAM_BUFFER . Stream . Flush(&s_tSTREAM_OUTStreamBuffer); } static STREAM_OUT_block_t * STREAM_OUT_stream_exchange_block( STREAM_OUT_block_t *ptOld) { return (STREAM_OUT_block_t *)STREAM_BUFFER . Block . Exchange( &s_tSTREAM_OUTStreamBuffer, (void *)ptOld); } typedef struct i_STREAM_OUT_stream_buffer_t i_STREAM_OUT_stream_buffer_t;  struct i_STREAM_OUT_stream_buffer_t { _Bool (*Init)(stream_buffer_cfg_t *); _Bool (*AddBuffer)(void *, uint_fast16_t ); struct { _Bool (*Write)(uint8_t); void (*Flush)(void); } Stream; struct { STREAM_OUT_block_t *(*Exchange)( STREAM_OUT_block_t * ); } Block; }; const i_STREAM_OUT_stream_buffer_tSTREAM_OUT = { . Init = &STREAM_OUT_stream_buffer_init, . AddBuffer = &STREAM_OUT_stream_add_buffer, . Stream = { . Write = &STREAM_OUT_stream_write, . Flush = &STREAM_OUT_stream_flush, }, . Block = { . Exchange = &STREAM_OUT_stream_exchange_block, }, };

#line 1 "C:\\Keil_v5\\ARM\\ARMCC\\Bin\\..\\include\\stdio.h"
 
 
 





 






 







 




  
 








#line 47 "C:\\Keil_v5\\ARM\\ARMCC\\Bin\\..\\include\\stdio.h"


  



    typedef unsigned int size_t;    









 
 

 



    typedef struct __va_list __va_list;






   




 




typedef struct __fpos_t_struct {
    unsigned __int64 __pos;
    



 
    struct {
        unsigned int __state1, __state2;
    } __mbstate;
} fpos_t;
   


 


   

 

typedef struct __FILE FILE;
   






 

#line 136 "C:\\Keil_v5\\ARM\\ARMCC\\Bin\\..\\include\\stdio.h"


extern FILE __stdin, __stdout, __stderr;
extern FILE *__aeabi_stdin, *__aeabi_stdout, *__aeabi_stderr;

#line 166 "C:\\Keil_v5\\ARM\\ARMCC\\Bin\\..\\include\\stdio.h"
    

    

    





     



   


 


   


 

   



 

   


 




   


 





    


 






extern __declspec(__nothrow) int remove(const char *  ) __attribute__((__nonnull__(1)));
   





 
extern __declspec(__nothrow) int rename(const char *  , const char *  ) __attribute__((__nonnull__(1,2)));
   








 
extern __declspec(__nothrow) FILE *tmpfile(void);
   




 
extern __declspec(__nothrow) char *tmpnam(char *  );
   











 

extern __declspec(__nothrow) int fclose(FILE *  ) __attribute__((__nonnull__(1)));
   







 
extern __declspec(__nothrow) int fflush(FILE *  );
   







 
extern __declspec(__nothrow) FILE *fopen(const char * __restrict  ,
                           const char * __restrict  ) __attribute__((__nonnull__(1,2)));
   








































 
extern __declspec(__nothrow) FILE *freopen(const char * __restrict  ,
                    const char * __restrict  ,
                    FILE * __restrict  ) __attribute__((__nonnull__(2,3)));
   








 
extern __declspec(__nothrow) void setbuf(FILE * __restrict  ,
                    char * __restrict  ) __attribute__((__nonnull__(1)));
   




 
extern __declspec(__nothrow) int setvbuf(FILE * __restrict  ,
                   char * __restrict  ,
                   int  , size_t  ) __attribute__((__nonnull__(1)));
   















 
#pragma __printf_args
extern __declspec(__nothrow) int fprintf(FILE * __restrict  ,
                    const char * __restrict  , ...) __attribute__((__nonnull__(1,2)));
   


















 
#pragma __printf_args
extern __declspec(__nothrow) int _fprintf(FILE * __restrict  ,
                     const char * __restrict  , ...) __attribute__((__nonnull__(1,2)));
   



 
#pragma __printf_args
extern __declspec(__nothrow) int printf(const char * __restrict  , ...) __attribute__((__nonnull__(1)));
   




 
#pragma __printf_args
extern __declspec(__nothrow) int _printf(const char * __restrict  , ...) __attribute__((__nonnull__(1)));
   



 
#pragma __printf_args
extern __declspec(__nothrow) int sprintf(char * __restrict  , const char * __restrict  , ...) __attribute__((__nonnull__(1,2)));
   






 
#pragma __printf_args
extern __declspec(__nothrow) int _sprintf(char * __restrict  , const char * __restrict  , ...) __attribute__((__nonnull__(1,2)));
   



 

#pragma __printf_args
extern __declspec(__nothrow) int __ARM_snprintf(char * __restrict  , size_t  ,
                     const char * __restrict  , ...) __attribute__((__nonnull__(3)));


#pragma __printf_args
extern __declspec(__nothrow) int snprintf(char * __restrict  , size_t  ,
                     const char * __restrict  , ...) __attribute__((__nonnull__(3)));
   















 

#pragma __printf_args
extern __declspec(__nothrow) int _snprintf(char * __restrict  , size_t  ,
                      const char * __restrict  , ...) __attribute__((__nonnull__(3)));
   



 
#pragma __scanf_args
extern __declspec(__nothrow) int fscanf(FILE * __restrict  ,
                    const char * __restrict  , ...) __attribute__((__nonnull__(1,2)));
   






























 
#pragma __scanf_args
extern __declspec(__nothrow) int _fscanf(FILE * __restrict  ,
                     const char * __restrict  , ...) __attribute__((__nonnull__(1,2)));
   



 
#pragma __scanf_args
extern __declspec(__nothrow) int scanf(const char * __restrict  , ...) __attribute__((__nonnull__(1)));
   






 
#pragma __scanf_args
extern __declspec(__nothrow) int _scanf(const char * __restrict  , ...) __attribute__((__nonnull__(1)));
   



 
#pragma __scanf_args
extern __declspec(__nothrow) int sscanf(const char * __restrict  ,
                    const char * __restrict  , ...) __attribute__((__nonnull__(1,2)));
   








 
#pragma __scanf_args
extern __declspec(__nothrow) int _sscanf(const char * __restrict  ,
                     const char * __restrict  , ...) __attribute__((__nonnull__(1,2)));
   



 

 
extern __declspec(__nothrow) int vfscanf(FILE * __restrict  , const char * __restrict  , __va_list) __attribute__((__nonnull__(1,2)));
extern __declspec(__nothrow) int vscanf(const char * __restrict  , __va_list) __attribute__((__nonnull__(1)));
extern __declspec(__nothrow) int vsscanf(const char * __restrict  , const char * __restrict  , __va_list) __attribute__((__nonnull__(1,2)));

extern __declspec(__nothrow) int _vfscanf(FILE * __restrict  , const char * __restrict  , __va_list) __attribute__((__nonnull__(1,2)));
extern __declspec(__nothrow) int _vscanf(const char * __restrict  , __va_list) __attribute__((__nonnull__(1)));
extern __declspec(__nothrow) int _vsscanf(const char * __restrict  , const char * __restrict  , __va_list) __attribute__((__nonnull__(1,2)));
extern __declspec(__nothrow) int __ARM_vsscanf(const char * __restrict  , const char * __restrict  , __va_list) __attribute__((__nonnull__(1,2)));

extern __declspec(__nothrow) int vprintf(const char * __restrict  , __va_list  ) __attribute__((__nonnull__(1)));
   





 
extern __declspec(__nothrow) int _vprintf(const char * __restrict  , __va_list  ) __attribute__((__nonnull__(1)));
   



 
extern __declspec(__nothrow) int vfprintf(FILE * __restrict  ,
                    const char * __restrict  , __va_list  ) __attribute__((__nonnull__(1,2)));
   






 
extern __declspec(__nothrow) int vsprintf(char * __restrict  ,
                     const char * __restrict  , __va_list  ) __attribute__((__nonnull__(1,2)));
   






 
extern __declspec(__nothrow) int __ARM_vsnprintf(char * __restrict  , size_t  ,
                     const char * __restrict  , __va_list  ) __attribute__((__nonnull__(3)));

extern __declspec(__nothrow) int vsnprintf(char * __restrict  , size_t  ,
                     const char * __restrict  , __va_list  ) __attribute__((__nonnull__(3)));
   







 

extern __declspec(__nothrow) int _vsprintf(char * __restrict  ,
                      const char * __restrict  , __va_list  ) __attribute__((__nonnull__(1,2)));
   



 
extern __declspec(__nothrow) int _vfprintf(FILE * __restrict  ,
                     const char * __restrict  , __va_list  ) __attribute__((__nonnull__(1,2)));
   



 
extern __declspec(__nothrow) int _vsnprintf(char * __restrict  , size_t  ,
                      const char * __restrict  , __va_list  ) __attribute__((__nonnull__(3)));
   



 

#pragma __printf_args
extern __declspec(__nothrow) int asprintf(char **  , const char * __restrict  , ...) __attribute__((__nonnull__(2)));
extern __declspec(__nothrow) int vasprintf(char **  , const char * __restrict  , __va_list  ) __attribute__((__nonnull__(2)));

#pragma __printf_args
extern __declspec(__nothrow) int __ARM_asprintf(char **  , const char * __restrict  , ...) __attribute__((__nonnull__(2)));
extern __declspec(__nothrow) int __ARM_vasprintf(char **  , const char * __restrict  , __va_list  ) __attribute__((__nonnull__(2)));
   








 

extern __declspec(__nothrow) int fgetc(FILE *  ) __attribute__((__nonnull__(1)));
   







 
extern __declspec(__nothrow) char *fgets(char * __restrict  , int  ,
                    FILE * __restrict  ) __attribute__((__nonnull__(1,3)));
   










 
extern __declspec(__nothrow) int fputc(int  , FILE *  ) __attribute__((__nonnull__(2)));
   







 
extern __declspec(__nothrow) int fputs(const char * __restrict  , FILE * __restrict  ) __attribute__((__nonnull__(1,2)));
   




 
extern __declspec(__nothrow) int getc(FILE *  ) __attribute__((__nonnull__(1)));
   







 




    extern __declspec(__nothrow) int (getchar)(void);

   





 
extern __declspec(__nothrow) char *gets(char *  ) __attribute__((__nonnull__(1)));
   









 
extern __declspec(__nothrow) int putc(int  , FILE *  ) __attribute__((__nonnull__(2)));
   





 




    extern __declspec(__nothrow) int (putchar)(int  );

   



 
extern __declspec(__nothrow) int puts(const char *  ) __attribute__((__nonnull__(1)));
   





 
extern __declspec(__nothrow) int ungetc(int  , FILE *  ) __attribute__((__nonnull__(2)));
   






















 

extern __declspec(__nothrow) size_t fread(void * __restrict  ,
                    size_t  , size_t  , FILE * __restrict  ) __attribute__((__nonnull__(1,4)));
   











 

extern __declspec(__nothrow) size_t __fread_bytes_avail(void * __restrict  ,
                    size_t  , FILE * __restrict  ) __attribute__((__nonnull__(1,3)));
   











 

extern __declspec(__nothrow) size_t fwrite(const void * __restrict  ,
                    size_t  , size_t  , FILE * __restrict  ) __attribute__((__nonnull__(1,4)));
   







 

extern __declspec(__nothrow) int fgetpos(FILE * __restrict  , fpos_t * __restrict  ) __attribute__((__nonnull__(1,2)));
   








 
extern __declspec(__nothrow) int fseek(FILE *  , long int  , int  ) __attribute__((__nonnull__(1)));
   














 
extern __declspec(__nothrow) int fsetpos(FILE * __restrict  , const fpos_t * __restrict  ) __attribute__((__nonnull__(1,2)));
   










 
extern __declspec(__nothrow) long int ftell(FILE *  ) __attribute__((__nonnull__(1)));
   











 
extern __declspec(__nothrow) void rewind(FILE *  ) __attribute__((__nonnull__(1)));
   





 

extern __declspec(__nothrow) void clearerr(FILE *  ) __attribute__((__nonnull__(1)));
   




 

extern __declspec(__nothrow) int feof(FILE *  ) __attribute__((__nonnull__(1)));
   


 
extern __declspec(__nothrow) int ferror(FILE *  ) __attribute__((__nonnull__(1)));
   


 
extern __declspec(__nothrow) void perror(const char *  );
   









 

extern __declspec(__nothrow) int _fisatty(FILE *   ) __attribute__((__nonnull__(1)));
    
 

extern __declspec(__nothrow) void __use_no_semihosting_swi(void);
extern __declspec(__nothrow) void __use_no_semihosting(void);
    





 











#line 1021 "C:\\Keil_v5\\ARM\\ARMCC\\Bin\\..\\include\\stdio.h"



 

#line 25 "..\\..\\Blinky.c"
